<?xml version="1.0" encoding="UTF-8"?>
<testsuite xmlns:xsi="http://www.w3.org/2001/XMLSchema-instance" xsi:noNamespaceSchemaLocation="https://maven.apache.org/surefire/maven-surefire-plugin/xsd/surefire-test-report.xsd" version="3.0.2" name="com.learning.ratelimiter.resilience.CircuitBreakerTest" time="25.146" tests="1" errors="0" skipped="0" failures="1">
  <properties>
[...]
</properties>
  <testcase name="shouldOpenCircuitAfterFailures" classname="com.learning.ratelimiter.resilience.CircuitBreakerTest" time="0.597">
    <failure message="&#10;expected: OPEN&#10; but was: CLOSED" type="org.opentest4j.AssertionFailedError"><![CDATA[org.opentest4j.AssertionFailedError: 

expected: OPEN
 but was: CLOSED
	at com.learning.ratelimiter.resilience.CircuitBreakerTest.shouldOpenCircuitAfterFailures(CircuitBreakerTest.java:81)
	at java.base/java.lang.reflect.Method.invoke(Method.java:569)
	at java.base/java.util.ArrayList.forEach(ArrayList.java:1511)
	at java.base/java.util.ArrayList.forEach(ArrayList.java:1511)
]]></failure>
    <system-out><![CDATA[18:27:04.609 [main] INFO org.springframework.test.context.support.AnnotationConfigContextLoaderUtils -- Could not detect default configuration classes for test class [com.learning.ratelimiter.resilience.CircuitBreakerTest]: CircuitBreakerTest does not declare any static, non-private, non-final, nested classes annotated with @Configuration.
18:27:04.988 [main] INFO org.springframework.boot.test.context.SpringBootTestContextBootstrapper -- Found @SpringBootConfiguration com.learning.ratelimiter.RateLimiterApplication for test class com.learning.ratelimiter.resilience.CircuitBreakerTest
18:27:07.887 [main] INFO org.springframework.boot.devtools.restart.RestartApplicationListener -- Restart disabled due to context in which it is running

  .   ____          _            __ _ _
 /\\ / ___'_ __ _ _(_)_ __  __ _ \ \ \ \
( ( )\___ | '_ | '_| | '_ \/ _` | \ \ \ \
 \\/  ___)| |_)| | | | | || (_| |  ) ) ) )
  '  |____| .__|_| |_|_| |_\__, | / / / /
 =========|_|==============|___/=/_/_/_/

 :: Spring Boot ::                (v3.5.3)

18:27:11.036 &amp#27;[34mINFO &amp#27;[0;39m [&amp#27;[34mmain&amp#27;[0;39m] &amp#27;[36m[c.l.r.r.CircuitBreakerTest]&amp#27;[0;39m - Starting CircuitBreakerTest using Java 17.0.15 with PID 461738 (started by sumit in /home/sumit/Documents/rate-limiter)
18:27:11.040 &amp#27;[39mDEBUG&amp#27;[0;39m [&amp#27;[34mmain&amp#27;[0;39m] &amp#27;[36m[c.l.r.r.CircuitBreakerTest]&amp#27;[0;39m - Running with Spring Boot v3.5.3, Spring v6.2.8
18:27:11.044 &amp#27;[34mINFO &amp#27;[0;39m [&amp#27;[34mmain&amp#27;[0;39m] &amp#27;[36m[c.l.r.r.CircuitBreakerTest]&amp#27;[0;39m - No active profile set, falling back to 1 default profile: "default"
18:27:11.046 &amp#27;[39mDEBUG&amp#27;[0;39m [&amp#27;[34mmain&amp#27;[0;39m] &amp#27;[36m[o.s.b.SpringApplication]&amp#27;[0;39m - Loading source class com.learning.ratelimiter.RateLimiterApplication
18:27:11.125 &amp#27;[39mDEBUG&amp#27;[0;39m [&amp#27;[34mmain&amp#27;[0;39m] &amp#27;[36m[o.s.b.w.s.c.AnnotationConfigServletWebServerApplicationContext]&amp#27;[0;39m - Refreshing org.springframework.boot.web.servlet.context.AnnotationConfigServletWebServerApplicationContext@66e21568
18:27:11.200 &amp#27;[39mDEBUG&amp#27;[0;39m [&amp#27;[34mmain&amp#27;[0;39m] &amp#27;[36m[o.s.b.f.s.DefaultListableBeanFactory]&amp#27;[0;39m - Creating shared instance of singleton bean 'org.springframework.context.annotation.internalConfigurationAnnotationProcessor'
18:27:11.251 &amp#27;[39mDEBUG&amp#27;[0;39m [&amp#27;[34mmain&amp#27;[0;39m] &amp#27;[36m[o.s.b.f.s.DefaultListableBeanFactory]&amp#27;[0;39m - Creating shared instance of singleton bean 'org.springframework.boot.autoconfigure.internalCachingMetadataReaderFactory'
18:27:11.423 &amp#27;[39mDEBUG&amp#27;[0;39m [&amp#27;[34mmain&amp#27;[0;39m] &amp#27;[36m[o.s.c.a.ClassPathBeanDefinitionScanner]&amp#27;[0;39m - Identified candidate component class: file [/home/sumit/Documents/rate-limiter/target/classes/com/learning/ratelimiter/config/RateLimiterProperties.class]
18:27:11.443 &amp#27;[39mDEBUG&amp#27;[0;39m [&amp#27;[34mmain&amp#27;[0;39m] &amp#27;[36m[o.s.c.a.ClassPathBeanDefinitionScanner]&amp#27;[0;39m - Identified candidate component class: file [/home/sumit/Documents/rate-limiter/target/classes/com/learning/ratelimiter/config/ResilienceConfig.class]
18:27:11.446 &amp#27;[39mDEBUG&amp#27;[0;39m [&amp#27;[34mmain&amp#27;[0;39m] &amp#27;[36m[o.s.c.a.ClassPathBeanDefinitionScanner]&amp#27;[0;39m - Identified candidate component class: file [/home/sumit/Documents/rate-limiter/target/classes/com/learning/ratelimiter/config/WebConfig.class]
18:27:11.506 &amp#27;[39mDEBUG&amp#27;[0;39m [&amp#27;[34mmain&amp#27;[0;39m] &amp#27;[36m[o.s.c.a.ClassPathBeanDefinitionScanner]&amp#27;[0;39m - Identified candidate component class: file [/home/sumit/Documents/rate-limiter/target/classes/com/learning/ratelimiter/controller/ApiController.class]
18:27:11.521 &amp#27;[39mDEBUG&amp#27;[0;39m [&amp#27;[34mmain&amp#27;[0;39m] &amp#27;[36m[o.s.c.a.ClassPathBeanDefinitionScanner]&amp#27;[0;39m - Identified candidate component class: file [/home/sumit/Documents/rate-limiter/target/classes/com/learning/ratelimiter/health/RateLimiterHealthIndicator.class]
18:27:11.525 &amp#27;[39mDEBUG&amp#27;[0;39m [&amp#27;[34mmain&amp#27;[0;39m] &amp#27;[36m[o.s.c.a.ClassPathBeanDefinitionScanner]&amp#27;[0;39m - Identified candidate component class: file [/home/sumit/Documents/rate-limiter/target/classes/com/learning/ratelimiter/service/RateLimitMetricsService.class]
18:27:11.530 &amp#27;[39mDEBUG&amp#27;[0;39m [&amp#27;[34mmain&amp#27;[0;39m] &amp#27;[36m[o.s.c.a.ClassPathBeanDefinitionScanner]&amp#27;[0;39m - Identified candidate component class: file [/home/sumit/Documents/rate-limiter/target/classes/com/learning/ratelimiter/service/RateLimitService.class]
18:27:11.534 &amp#27;[39mDEBUG&amp#27;[0;39m [&amp#27;[34mmain&amp#27;[0;39m] &amp#27;[36m[o.s.c.a.ClassPathBeanDefinitionScanner]&amp#27;[0;39m - Identified candidate component class: file [/home/sumit/Documents/rate-limiter/target/classes/com/learning/ratelimiter/service/ResilientRateLimitService.class]
18:27:11.546 &amp#27;[39mDEBUG&amp#27;[0;39m [&amp#27;[34mmain&amp#27;[0;39m] &amp#27;[36m[o.s.c.a.ClassPathBeanDefinitionScanner]&amp#27;[0;39m - Identified candidate component class: file [/home/sumit/Documents/rate-limiter/target/classes/com/learning/ratelimiter/web/LoggingFilter.class]
18:27:11.548 &amp#27;[39mDEBUG&amp#27;[0;39m [&amp#27;[34mmain&amp#27;[0;39m] &amp#27;[36m[o.s.c.a.ClassPathBeanDefinitionScanner]&amp#27;[0;39m - Identified candidate component class: file [/home/sumit/Documents/rate-limiter/target/classes/com/learning/ratelimiter/web/RateLimitInterceptor.class]
18:27:13.809 &amp#27;[39mDEBUG&amp#27;[0;39m [&amp#27;[34mmain&amp#27;[0;39m] &amp#27;[36m[i.g.r.s.u.RxJava2OnClasspathCondition]&amp#27;[0;39m - RxJava2 related Aspect extensions are not activated, because RxJava2 is not on the classpath.
18:27:13.813 &amp#27;[39mDEBUG&amp#27;[0;39m [&amp#27;[34mmain&amp#27;[0;39m] &amp#27;[36m[i.g.r.s.u.ReactorOnClasspathCondition]&amp#27;[0;39m - Reactor related Aspect extensions are not activated because Reactor is not on the classpath.
18:27:13.862 &amp#27;[39mDEBUG&amp#27;[0;39m [&amp#27;[34mmain&amp#27;[0;39m] &amp#27;[36m[i.g.r.s.u.RxJava2OnClasspathCondition]&amp#27;[0;39m - RxJava2 related Aspect extensions are not activated, because RxJava2 is not on the classpath.
18:27:13.864 &amp#27;[39mDEBUG&amp#27;[0;39m [&amp#27;[34mmain&amp#27;[0;39m] &amp#27;[36m[i.g.r.s.u.ReactorOnClasspathCondition]&amp#27;[0;39m - Reactor related Aspect extensions are not activated because Reactor is not on the classpath.
18:27:14.024 &amp#27;[39mDEBUG&amp#27;[0;39m [&amp#27;[34mmain&amp#27;[0;39m] &amp#27;[36m[i.g.r.s.u.RxJava2OnClasspathCondition]&amp#27;[0;39m - RxJava2 related Aspect extensions are not activated, because RxJava2 is not on the classpath.
18:27:14.025 &amp#27;[39mDEBUG&amp#27;[0;39m [&amp#27;[34mmain&amp#27;[0;39m] &amp#27;[36m[i.g.r.s.u.ReactorOnClasspathCondition]&amp#27;[0;39m - Reactor related Aspect extensions are not activated because Reactor is not on the classpath.
18:27:14.080 &amp#27;[39mDEBUG&amp#27;[0;39m [&amp#27;[34mmain&amp#27;[0;39m] &amp#27;[36m[i.g.r.s.u.RxJava2OnClasspathCondition]&amp#27;[0;39m - RxJava2 related Aspect extensions are not activated, because RxJava2 is not on the classpath.
18:27:14.081 &amp#27;[39mDEBUG&amp#27;[0;39m [&amp#27;[34mmain&amp#27;[0;39m] &amp#27;[36m[i.g.r.s.u.ReactorOnClasspathCondition]&amp#27;[0;39m - Reactor related Aspect extensions are not activated because Reactor is not on the classpath.
18:27:14.150 &amp#27;[39mDEBUG&amp#27;[0;39m [&amp#27;[34mmain&amp#27;[0;39m] &amp#27;[36m[i.g.r.s.u.RxJava2OnClasspathCondition]&amp#27;[0;39m - RxJava2 related Aspect extensions are not activated, because RxJava2 is not on the classpath.
18:27:14.152 &amp#27;[39mDEBUG&amp#27;[0;39m [&amp#27;[34mmain&amp#27;[0;39m] &amp#27;[36m[i.g.r.s.u.ReactorOnClasspathCondition]&amp#27;[0;39m - Reactor related Aspect extensions are not activated because Reactor is not on the classpath.
18:27:14.218 &amp#27;[39mDEBUG&amp#27;[0;39m [&amp#27;[34mmain&amp#27;[0;39m] &amp#27;[36m[i.g.r.s.u.RxJava2OnClasspathCondition]&amp#27;[0;39m - RxJava2 related Aspect extensions are not activated, because RxJava2 is not on the classpath.
18:27:14.220 &amp#27;[39mDEBUG&amp#27;[0;39m [&amp#27;[34mmain&amp#27;[0;39m] &amp#27;[36m[i.g.r.s.u.ReactorOnClasspathCondition]&amp#27;[0;39m - Reactor related Aspect extensions are not activated because Reactor is not on the classpath.
18:27:14.894 &amp#27;[39mDEBUG&amp#27;[0;39m [&amp#27;[34mmain&amp#27;[0;39m] &amp#27;[36m[o.s.b.f.s.DefaultListableBeanFactory]&amp#27;[0;39m - Creating shared instance of singleton bean 'org.springframework.boot.test.web.client.TestRestTemplateContextCustomizer$TestRestTemplateRegistrar'
18:27:15.711 &amp#27;[39mDEBUG&amp#27;[0;39m [&amp#27;[34mmain&amp#27;[0;39m] &amp#27;[36m[o.s.b.f.s.DefaultListableBeanFactory]&amp#27;[0;39m - Creating shared instance of singleton bean 'propertySourcesPlaceholderConfigurer'
18:27:15.754 &amp#27;[39mDEBUG&amp#27;[0;39m [&amp#27;[34mmain&amp#27;[0;39m] &amp#27;[36m[o.s.b.f.s.DefaultListableBeanFactory]&amp#27;[0;39m - Creating shared instance of singleton bean 'org.springframework.boot.test.mock.mockito.MockitoPostProcessor'
18:27:15.778 &amp#27;[39mDEBUG&amp#27;[0;39m [&amp#27;[34mmain&amp#27;[0;39m] &amp#27;[36m[o.s.b.f.s.DefaultListableBeanFactory]&amp#27;[0;39m - Creating shared instance of singleton bean 'org.springframework.boot.sql.init.dependency.DatabaseInitializationDependencyConfigurer$DependsOnDatabaseInitializationPostProcessor'
18:27:15.927 &amp#27;[39mDEBUG&amp#27;[0;39m [&amp#27;[34mmain&amp#27;[0;39m] &amp#27;[36m[o.s.b.f.s.DefaultListableBeanFactory]&amp#27;[0;39m - Creating shared instance of singleton bean 'org.springframework.context.event.internalEventListenerProcessor'
18:27:15.934 &amp#27;[39mDEBUG&amp#27;[0;39m [&amp#27;[34mmain&amp#27;[0;39m] &amp#27;[36m[o.s.b.f.s.DefaultListableBeanFactory]&amp#27;[0;39m - Creating shared instance of singleton bean 'bootstrapExecutorAliasPostProcessor'
18:27:15.938 &amp#27;[39mDEBUG&amp#27;[0;39m [&amp#27;[34mmain&amp#27;[0;39m] &amp#27;[36m[o.s.b.f.s.DefaultListableBeanFactory]&amp#27;[0;39m - Creating shared instance of singleton bean 'preserveErrorControllerTargetClassPostProcessor'
18:27:15.943 &amp#27;[39mDEBUG&amp#27;[0;39m [&amp#27;[34mmain&amp#27;[0;39m] &amp#27;[36m[o.s.b.f.s.DefaultListableBeanFactory]&amp#27;[0;39m - Creating shared instance of singleton bean 'org.springframework.context.event.internalEventListenerFactory'
18:27:15.955 &amp#27;[39mDEBUG&amp#27;[0;39m [&amp#27;[34mmain&amp#27;[0;39m] &amp#27;[36m[o.s.b.f.s.DefaultListableBeanFactory]&amp#27;[0;39m - Creating shared instance of singleton bean 'org.springframework.context.annotation.internalAutowiredAnnotationProcessor'
18:27:15.960 &amp#27;[39mDEBUG&amp#27;[0;39m [&amp#27;[34mmain&amp#27;[0;39m] &amp#27;[36m[o.s.b.f.s.DefaultListableBeanFactory]&amp#27;[0;39m - Creating shared instance of singleton bean 'org.springframework.context.annotation.internalCommonAnnotationProcessor'
18:27:15.972 &amp#27;[39mDEBUG&amp#27;[0;39m [&amp#27;[34mmain&amp#27;[0;39m] &amp#27;[36m[o.s.b.f.s.DefaultListableBeanFactory]&amp#27;[0;39m - Creating shared instance of singleton bean 'org.springframework.boot.test.mock.mockito.MockitoPostProcessor$SpyPostProcessor'
18:27:15.976 &amp#27;[39mDEBUG&amp#27;[0;39m [&amp#27;[34mmain&amp#27;[0;39m] &amp#27;[36m[o.s.b.f.s.DefaultListableBeanFactory]&amp#27;[0;39m - Creating shared instance of singleton bean 'org.springframework.boot.context.properties.ConfigurationPropertiesBindingPostProcessor'
18:27:15.977 &amp#27;[39mDEBUG&amp#27;[0;39m [&amp#27;[34mmain&amp#27;[0;39m] &amp#27;[36m[o.s.b.f.s.DefaultListableBeanFactory]&amp#27;[0;39m - Creating shared instance of singleton bean 'org.springframework.boot.context.internalConfigurationPropertiesBinder'
18:27:15.987 &amp#27;[39mDEBUG&amp#27;[0;39m [&amp#27;[34mmain&amp#27;[0;39m] &amp#27;[36m[o.s.b.f.s.DefaultListableBeanFactory]&amp#27;[0;39m - Creating shared instance of singleton bean 'org.springframework.aop.config.internalAutoProxyCreator'
18:27:16.057 &amp#27;[39mDEBUG&amp#27;[0;39m [&amp#27;[34mmain&amp#27;[0;39m] &amp#27;[36m[o.s.b.f.s.DefaultListableBeanFactory]&amp#27;[0;39m - Creating shared instance of singleton bean 'webServerFactoryCustomizerBeanPostProcessor'
18:27:16.060 &amp#27;[39mDEBUG&amp#27;[0;39m [&amp#27;[34mmain&amp#27;[0;39m] &amp#27;[36m[o.s.b.f.s.DefaultListableBeanFactory]&amp#27;[0;39m - Creating shared instance of singleton bean 'errorPageRegistrarBeanPostProcessor'
18:27:16.063 &amp#27;[39mDEBUG&amp#27;[0;39m [&amp#27;[34mmain&amp#27;[0;39m] &amp#27;[36m[o.s.b.f.s.DefaultListableBeanFactory]&amp#27;[0;39m - Creating shared instance of singleton bean 'meterRegistryPostProcessor'
18:27:16.150 &amp#27;[39mDEBUG&amp#27;[0;39m [&amp#27;[34mmain&amp#27;[0;39m] &amp#27;[36m[o.s.a.a.a.ReflectiveAspectJAdvisorFactory]&amp#27;[0;39m - Found AspectJ method: public java.lang.Object io.github.resilience4j.spring6.bulkhead.configure.BulkheadAspect.bulkheadAroundAdvice(org.aspectj.lang.ProceedingJoinPoint,io.github.resilience4j.bulkhead.annotation.Bulkhead) throws java.lang.Throwable
18:27:16.165 &amp#27;[39mDEBUG&amp#27;[0;39m [&amp#27;[34mmain&amp#27;[0;39m] &amp#27;[36m[o.s.a.a.a.ReflectiveAspectJAdvisorFactory]&amp#27;[0;39m - Found AspectJ method: public java.lang.Object io.github.resilience4j.spring6.circuitbreaker.configure.CircuitBreakerAspect.circuitBreakerAroundAdvice(org.aspectj.lang.ProceedingJoinPoint,io.github.resilience4j.circuitbreaker.annotation.CircuitBreaker) throws java.lang.Throwable
18:27:16.173 &amp#27;[39mDEBUG&amp#27;[0;39m [&amp#27;[34mmain&amp#27;[0;39m] &amp#27;[36m[o.s.a.a.a.ReflectiveAspectJAdvisorFactory]&amp#27;[0;39m - Found AspectJ method: public java.lang.Object io.github.resilience4j.spring6.ratelimiter.configure.RateLimiterAspect.rateLimiterAroundAdvice(org.aspectj.lang.ProceedingJoinPoint,io.github.resilience4j.ratelimiter.annotation.RateLimiter) throws java.lang.Throwable
18:27:16.180 &amp#27;[39mDEBUG&amp#27;[0;39m [&amp#27;[34mmain&amp#27;[0;39m] &amp#27;[36m[o.s.a.a.a.ReflectiveAspectJAdvisorFactory]&amp#27;[0;39m - Found AspectJ method: public java.lang.Object io.github.resilience4j.spring6.retry.configure.RetryAspect.retryAroundAdvice(org.aspectj.lang.ProceedingJoinPoint,io.github.resilience4j.retry.annotation.Retry) throws java.lang.Throwable
18:27:16.188 &amp#27;[39mDEBUG&amp#27;[0;39m [&amp#27;[34mmain&amp#27;[0;39m] &amp#27;[36m[o.s.a.a.a.ReflectiveAspectJAdvisorFactory]&amp#27;[0;39m - Found AspectJ method: public java.lang.Object io.github.resilience4j.spring6.timelimiter.configure.TimeLimiterAspect.timeLimiterAroundAdvice(org.aspectj.lang.ProceedingJoinPoint,io.github.resilience4j.timelimiter.annotation.TimeLimiter) throws java.lang.Throwable
18:27:16.259 &amp#27;[39mDEBUG&amp#27;[0;39m [&amp#27;[34mmain&amp#27;[0;39m] &amp#27;[36m[o.s.b.f.s.DefaultListableBeanFactory]&amp#27;[0;39m - Autowiring by type from bean name 'meterRegistryPostProcessor' via factory method to bean named 'org.springframework.boot.web.servlet.context.AnnotationConfigServletWebServerApplicationContext@66e21568'
18:27:16.768 &amp#27;[39mDEBUG&amp#27;[0;39m [&amp#27;[34mmain&amp#27;[0;39m] &amp#27;[36m[o.s.b.f.s.DefaultListableBeanFactory]&amp#27;[0;39m - Creating shared instance of singleton bean 'healthEndpointGroupsBeanPostProcessor'
18:27:16.790 &amp#27;[39mDEBUG&amp#27;[0;39m [&amp#27;[34mmain&amp#27;[0;39m] &amp#27;[36m[o.s.b.f.s.DefaultListableBeanFactory]&amp#27;[0;39m - Creating shared instance of singleton bean 'observationRegistryPostProcessor'
18:27:16.820 &amp#27;[39mDEBUG&amp#27;[0;39m [&amp#27;[34mmain&amp#27;[0;39m] &amp#27;[36m[o.s.u.c.s.UiApplicationContextUtils]&amp#27;[0;39m - Unable to locate ThemeSource with name 'themeSource': using default [org.springframework.ui.context.support.ResourceBundleThemeSource@278cb145]
18:27:16.823 &amp#27;[39mDEBUG&amp#27;[0;39m [&amp#27;[34mmain&amp#27;[0;39m] &amp#27;[36m[o.s.b.f.s.DefaultListableBeanFactory]&amp#27;[0;39m - Creating shared instance of singleton bean 'tomcatServletWebServerFactory'
18:27:16.824 &amp#27;[39mDEBUG&amp#27;[0;39m [&amp#27;[34mmain&amp#27;[0;39m] &amp#27;[36m[o.s.b.f.s.DefaultListableBeanFactory]&amp#27;[0;39m - Creating shared instance of singleton bean 'org.springframework.boot.autoconfigure.web.servlet.ServletWebServerFactoryConfiguration$EmbeddedTomcat'
18:27:16.955 &amp#27;[39mDEBUG&amp#27;[0;39m [&amp#27;[34mmain&amp#27;[0;39m] &amp#27;[36m[o.s.b.f.s.DefaultListableBeanFactory]&amp#27;[0;39m - Creating shared instance of singleton bean 'websocketServletWebServerCustomizer'
18:27:16.957 &amp#27;[39mDEBUG&amp#27;[0;39m [&amp#27;[34mmain&amp#27;[0;39m] &amp#27;[36m[o.s.b.f.s.DefaultListableBeanFactory]&amp#27;[0;39m - Creating shared instance of singleton bean 'org.springframework.boot.autoconfigure.websocket.servlet.WebSocketServletAutoConfiguration$TomcatWebSocketConfiguration'
18:27:16.988 &amp#27;[39mDEBUG&amp#27;[0;39m [&amp#27;[34mmain&amp#27;[0;39m] &amp#27;[36m[o.s.b.f.s.DefaultListableBeanFactory]&amp#27;[0;39m - Creating shared instance of singleton bean 'servletWebServerFactoryCustomizer'
18:27:16.990 &amp#27;[39mDEBUG&amp#27;[0;39m [&amp#27;[34mmain&amp#27;[0;39m] &amp#27;[36m[o.s.b.f.s.DefaultListableBeanFactory]&amp#27;[0;39m - Creating shared instance of singleton bean 'org.springframework.boot.autoconfigure.web.servlet.ServletWebServerFactoryAutoConfiguration'
18:27:17.017 &amp#27;[39mDEBUG&amp#27;[0;39m [&amp#27;[34mmain&amp#27;[0;39m] &amp#27;[36m[o.s.b.f.s.DefaultListableBeanFactory]&amp#27;[0;39m - Creating shared instance of singleton bean 'server-org.springframework.boot.autoconfigure.web.ServerProperties'
18:27:17.049 &amp#27;[39mDEBUG&amp#27;[0;39m [&amp#27;[34mmain&amp#27;[0;39m] &amp#27;[36m[o.s.b.f.s.DefaultListableBeanFactory]&amp#27;[0;39m - Creating shared instance of singleton bean 'org.springframework.boot.context.properties.BoundConfigurationProperties'
18:27:17.175 &amp#27;[39mDEBUG&amp#27;[0;39m [&amp#27;[34mmain&amp#27;[0;39m] &amp#27;[36m[o.s.b.f.s.DefaultListableBeanFactory]&amp#27;[0;39m - Autowiring by type from bean name 'servletWebServerFactoryCustomizer' via factory method to bean named 'server-org.springframework.boot.autoconfigure.web.ServerProperties'
18:27:17.182 &amp#27;[39mDEBUG&amp#27;[0;39m [&amp#27;[34mmain&amp#27;[0;39m] &amp#27;[36m[o.s.b.f.s.DefaultListableBeanFactory]&amp#27;[0;39m - Creating shared instance of singleton bean 'sslBundleRegistry'
18:27:17.184 &amp#27;[39mDEBUG&amp#27;[0;39m [&amp#27;[34mmain&amp#27;[0;39m] &amp#27;[36m[o.s.b.f.s.DefaultListableBeanFactory]&amp#27;[0;39m - Creating shared instance of singleton bean 'org.springframework.boot.autoconfigure.ssl.SslAutoConfiguration'
18:27:17.188 &amp#27;[39mDEBUG&amp#27;[0;39m [&amp#27;[34mmain&amp#27;[0;39m] &amp#27;[36m[o.s.b.f.s.DefaultListableBeanFactory]&amp#27;[0;39m - Creating shared instance of singleton bean 'spring.ssl-org.springframework.boot.autoconfigure.ssl.SslProperties'
18:27:17.201 &amp#27;[39mDEBUG&amp#27;[0;39m [&amp#27;[34mmain&amp#27;[0;39m] &amp#27;[36m[o.s.b.f.s.DefaultListableBeanFactory]&amp#27;[0;39m - Autowiring by type from bean name 'org.springframework.boot.autoconfigure.ssl.SslAutoConfiguration' via constructor to bean named 'org.springframework.boot.web.servlet.context.AnnotationConfigServletWebServerApplicationContext@66e21568'
18:27:17.202 &amp#27;[39mDEBUG&amp#27;[0;39m [&amp#27;[34mmain&amp#27;[0;39m] &amp#27;[36m[o.s.b.f.s.DefaultListableBeanFactory]&amp#27;[0;39m - Autowiring by type from bean name 'org.springframework.boot.autoconfigure.ssl.SslAutoConfiguration' via constructor to bean named 'spring.ssl-org.springframework.boot.autoconfigure.ssl.SslProperties'
18:27:17.230 &amp#27;[39mDEBUG&amp#27;[0;39m [&amp#27;[34mmain&amp#27;[0;39m] &amp#27;[36m[o.s.b.f.s.DefaultListableBeanFactory]&amp#27;[0;39m - Creating shared instance of singleton bean 'sslPropertiesSslBundleRegistrar'
18:27:17.233 &amp#27;[39mDEBUG&amp#27;[0;39m [&amp#27;[34mmain&amp#27;[0;39m] &amp#27;[36m[o.s.b.f.s.DefaultListableBeanFactory]&amp#27;[0;39m - Creating shared instance of singleton bean 'fileWatcher'
18:27:17.256 &amp#27;[39mDEBUG&amp#27;[0;39m [&amp#27;[34mmain&amp#27;[0;39m] &amp#27;[36m[o.s.b.f.s.DefaultListableBeanFactory]&amp#27;[0;39m - Autowiring by type from bean name 'sslPropertiesSslBundleRegistrar' via factory method to bean named 'fileWatcher'
18:27:17.352 &amp#27;[39mDEBUG&amp#27;[0;39m [&amp#27;[34mmain&amp#27;[0;39m] &amp#27;[36m[o.s.b.f.s.DefaultListableBeanFactory]&amp#27;[0;39m - Creating shared instance of singleton bean 'tomcatServletWebServerFactoryCustomizer'
18:27:17.355 &amp#27;[39mDEBUG&amp#27;[0;39m [&amp#27;[34mmain&amp#27;[0;39m] &amp#27;[36m[o.s.b.f.s.DefaultListableBeanFactory]&amp#27;[0;39m - Autowiring by type from bean name 'tomcatServletWebServerFactoryCustomizer' via factory method to bean named 'server-org.springframework.boot.autoconfigure.web.ServerProperties'
18:27:17.375 &amp#27;[39mDEBUG&amp#27;[0;39m [&amp#27;[34mmain&amp#27;[0;39m] &amp#27;[36m[o.s.b.f.s.DefaultListableBeanFactory]&amp#27;[0;39m - Creating shared instance of singleton bean 'tomcatWebServerFactoryCustomizer'
18:27:17.376 &amp#27;[39mDEBUG&amp#27;[0;39m [&amp#27;[34mmain&amp#27;[0;39m] &amp#27;[36m[o.s.b.f.s.DefaultListableBeanFactory]&amp#27;[0;39m - Creating shared instance of singleton bean 'org.springframework.boot.autoconfigure.web.embedded.EmbeddedWebServerFactoryCustomizerAutoConfiguration$TomcatWebServerFactoryCustomizerConfiguration'
18:27:17.393 &amp#27;[39mDEBUG&amp#27;[0;39m [&amp#27;[34mmain&amp#27;[0;39m] &amp#27;[36m[o.s.b.f.s.DefaultListableBeanFactory]&amp#27;[0;39m - Autowiring by type from bean name 'tomcatWebServerFactoryCustomizer' via factory method to bean named 'environment'
18:27:17.394 &amp#27;[39mDEBUG&amp#27;[0;39m [&amp#27;[34mmain&amp#27;[0;39m] &amp#27;[36m[o.s.b.f.s.DefaultListableBeanFactory]&amp#27;[0;39m - Autowiring by type from bean name 'tomcatWebServerFactoryCustomizer' via factory method to bean named 'server-org.springframework.boot.autoconfigure.web.ServerProperties'
18:27:17.449 &amp#27;[39mDEBUG&amp#27;[0;39m [&amp#27;[34mmain&amp#27;[0;39m] &amp#27;[36m[o.s.b.f.s.DefaultListableBeanFactory]&amp#27;[0;39m - Creating shared instance of singleton bean 'localeCharsetMappingsCustomizer'
18:27:17.450 &amp#27;[39mDEBUG&amp#27;[0;39m [&amp#27;[34mmain&amp#27;[0;39m] &amp#27;[36m[o.s.b.f.s.DefaultListableBeanFactory]&amp#27;[0;39m - Creating shared instance of singleton bean 'org.springframework.boot.autoconfigure.web.servlet.HttpEncodingAutoConfiguration'
18:27:17.454 &amp#27;[39mDEBUG&amp#27;[0;39m [&amp#27;[34mmain&amp#27;[0;39m] &amp#27;[36m[o.s.b.f.s.DefaultListableBeanFactory]&amp#27;[0;39m - Autowiring by type from bean name 'org.springframework.boot.autoconfigure.web.servlet.HttpEncodingAutoConfiguration' via constructor to bean named 'server-org.springframework.boot.autoconfigure.web.ServerProperties'
18:27:17.615 &amp#27;[39mDEBUG&amp#27;[0;39m [&amp#27;[34mmain&amp#27;[0;39m] &amp#27;[36m[o.s.b.f.s.DefaultListableBeanFactory]&amp#27;[0;39m - Creating shared instance of singleton bean 'errorPageCustomizer'
18:27:17.616 &amp#27;[39mDEBUG&amp#27;[0;39m [&amp#27;[34mmain&amp#27;[0;39m] &amp#27;[36m[o.s.b.f.s.DefaultListableBeanFactory]&amp#27;[0;39m - Creating shared instance of singleton bean 'org.springframework.boot.autoconfigure.web.servlet.error.ErrorMvcAutoConfiguration'
18:27:17.621 &amp#27;[39mDEBUG&amp#27;[0;39m [&amp#27;[34mmain&amp#27;[0;39m] &amp#27;[36m[o.s.b.f.s.DefaultListableBeanFactory]&amp#27;[0;39m - Autowiring by type from bean name 'org.springframework.boot.autoconfigure.web.servlet.error.ErrorMvcAutoConfiguration' via constructor to bean named 'server-org.springframework.boot.autoconfigure.web.ServerProperties'
18:27:17.639 &amp#27;[39mDEBUG&amp#27;[0;39m [&amp#27;[34mmain&amp#27;[0;39m] &amp#27;[36m[o.s.b.f.s.DefaultListableBeanFactory]&amp#27;[0;39m - Creating shared instance of singleton bean 'dispatcherServletRegistration'
18:27:17.640 &amp#27;[39mDEBUG&amp#27;[0;39m [&amp#27;[34mmain&amp#27;[0;39m] &amp#27;[36m[o.s.b.f.s.DefaultListableBeanFactory]&amp#27;[0;39m - Creating shared instance of singleton bean 'org.springframework.boot.autoconfigure.web.servlet.DispatcherServletAutoConfiguration$DispatcherServletRegistrationConfiguration'
18:27:17.655 &amp#27;[39mDEBUG&amp#27;[0;39m [&amp#27;[34mmain&amp#27;[0;39m] &amp#27;[36m[o.s.b.f.s.DefaultListableBeanFactory]&amp#27;[0;39m - Creating shared instance of singleton bean 'dispatcherServlet'
18:27:17.656 &amp#27;[39mDEBUG&amp#27;[0;39m [&amp#27;[34mmain&amp#27;[0;39m] &amp#27;[36m[o.s.b.f.s.DefaultListableBeanFactory]&amp#27;[0;39m - Creating shared instance of singleton bean 'org.springframework.boot.autoconfigure.web.servlet.DispatcherServletAutoConfiguration$DispatcherServletConfiguration'
18:27:17.671 &amp#27;[39mDEBUG&amp#27;[0;39m [&amp#27;[34mmain&amp#27;[0;39m] &amp#27;[36m[o.s.b.f.s.DefaultListableBeanFactory]&amp#27;[0;39m - Creating shared instance of singleton bean 'spring.mvc-org.springframework.boot.autoconfigure.web.servlet.WebMvcProperties'
18:27:17.708 &amp#27;[39mDEBUG&amp#27;[0;39m [&amp#27;[34mmain&amp#27;[0;39m] &amp#27;[36m[o.s.b.f.s.DefaultListableBeanFactory]&amp#27;[0;39m - Autowiring by type from bean name 'dispatcherServlet' via factory method to bean named 'spring.mvc-org.springframework.boot.autoconfigure.web.servlet.WebMvcProperties'
18:27:17.906 &amp#27;[39mDEBUG&amp#27;[0;39m [&amp#27;[34mmain&amp#27;[0;39m] &amp#27;[36m[o.s.b.f.s.DefaultListableBeanFactory]&amp#27;[0;39m - Autowiring by type from bean name 'dispatcherServletRegistration' via factory method to bean named 'dispatcherServlet'
18:27:17.907 &amp#27;[39mDEBUG&amp#27;[0;39m [&amp#27;[34mmain&amp#27;[0;39m] &amp#27;[36m[o.s.b.f.s.DefaultListableBeanFactory]&amp#27;[0;39m - Autowiring by type from bean name 'dispatcherServletRegistration' via factory method to bean named 'spring.mvc-org.springframework.boot.autoconfigure.web.servlet.WebMvcProperties'
18:27:17.914 &amp#27;[39mDEBUG&amp#27;[0;39m [&amp#27;[34mmain&amp#27;[0;39m] &amp#27;[36m[o.s.b.f.s.DefaultListableBeanFactory]&amp#27;[0;39m - Creating shared instance of singleton bean 'multipartConfigElement'
18:27:17.916 &amp#27;[39mDEBUG&amp#27;[0;39m [&amp#27;[34mmain&amp#27;[0;39m] &amp#27;[36m[o.s.b.f.s.DefaultListableBeanFactory]&amp#27;[0;39m - Creating shared instance of singleton bean 'org.springframework.boot.autoconfigure.web.servlet.MultipartAutoConfiguration'
18:27:17.919 &amp#27;[39mDEBUG&amp#27;[0;39m [&amp#27;[34mmain&amp#27;[0;39m] &amp#27;[36m[o.s.b.f.s.DefaultListableBeanFactory]&amp#27;[0;39m - Creating shared instance of singleton bean 'spring.servlet.multipart-org.springframework.boot.autoconfigure.web.servlet.MultipartProperties'
18:27:17.958 &amp#27;[39mDEBUG&amp#27;[0;39m [&amp#27;[34mmain&amp#27;[0;39m] &amp#27;[36m[o.s.b.f.s.DefaultListableBeanFactory]&amp#27;[0;39m - Autowiring by type from bean name 'org.springframework.boot.autoconfigure.web.servlet.MultipartAutoConfiguration' via constructor to bean named 'spring.servlet.multipart-org.springframework.boot.autoconfigure.web.servlet.MultipartProperties'
18:27:18.049 &amp#27;[39mDEBUG&amp#27;[0;39m [&amp#27;[34mmain&amp#27;[0;39m] &amp#27;[36m[o.s.b.f.s.DefaultListableBeanFactory]&amp#27;[0;39m - Autowiring by type from bean name 'errorPageCustomizer' via factory method to bean named 'dispatcherServletRegistration'
18:27:18.368 &amp#27;[39mDEBUG&amp#27;[0;39m [&amp#27;[34mmain&amp#27;[0;39m] &amp#27;[36m[o.s.b.w.e.t.TomcatServletWebServerFactory]&amp#27;[0;39m - Code archive: /home/sumit/.m2/repository/org/springframework/boot/spring-boot/3.5.3/spring-boot-3.5.3.jar
18:27:18.369 &amp#27;[39mDEBUG&amp#27;[0;39m [&amp#27;[34mmain&amp#27;[0;39m] &amp#27;[36m[o.s.b.w.e.t.TomcatServletWebServerFactory]&amp#27;[0;39m - Code archive: /home/sumit/.m2/repository/org/springframework/boot/spring-boot/3.5.3/spring-boot-3.5.3.jar
18:27:18.371 &amp#27;[39mDEBUG&amp#27;[0;39m [&amp#27;[34mmain&amp#27;[0;39m] &amp#27;[36m[o.s.b.w.e.t.TomcatServletWebServerFactory]&amp#27;[0;39m - None of the document roots [src/main/webapp, public, static] point to a directory and will be ignored.
18:27:18.460 &amp#27;[34mINFO &amp#27;[0;39m [&amp#27;[34mmain&amp#27;[0;39m] &amp#27;[36m[o.s.b.w.e.t.TomcatWebServer]&amp#27;[0;39m - Tomcat initialized with port 0 (http)
18:27:18.501 &amp#27;[34mINFO &amp#27;[0;39m [&amp#27;[34mmain&amp#27;[0;39m] &amp#27;[36m[o.a.c.h.Http11NioProtocol]&amp#27;[0;39m - Initializing ProtocolHandler ["http-nio-auto-1"]
18:27:18.509 &amp#27;[34mINFO &amp#27;[0;39m [&amp#27;[34mmain&amp#27;[0;39m] &amp#27;[36m[o.a.c.c.StandardService]&amp#27;[0;39m - Starting service [Tomcat]
18:27:18.511 &amp#27;[34mINFO &amp#27;[0;39m [&amp#27;[34mmain&amp#27;[0;39m] &amp#27;[36m[o.a.c.c.StandardEngine]&amp#27;[0;39m - Starting Servlet engine: [Apache Tomcat/10.1.42]
18:27:18.738 &amp#27;[34mINFO &amp#27;[0;39m [&amp#27;[34mmain&amp#27;[0;39m] &amp#27;[36m[o.a.c.c.C.[.[.[/]]&amp#27;[0;39m - Initializing Spring embedded WebApplicationContext
18:27:18.739 &amp#27;[39mDEBUG&amp#27;[0;39m [&amp#27;[34mmain&amp#27;[0;39m] &amp#27;[36m[o.s.b.w.s.c.ServletWebServerApplicationContext]&amp#27;[0;39m - Published root WebApplicationContext as ServletContext attribute with name [org.springframework.web.context.WebApplicationContext.ROOT]
18:27:18.741 &amp#27;[34mINFO &amp#27;[0;39m [&amp#27;[34mmain&amp#27;[0;39m] &amp#27;[36m[o.s.b.w.s.c.ServletWebServerApplicationContext]&amp#27;[0;39m - Root WebApplicationContext: initialization completed in 7615 ms
18:27:18.749 &amp#27;[39mDEBUG&amp#27;[0;39m [&amp#27;[34mmain&amp#27;[0;39m] &amp#27;[36m[o.s.b.f.s.DefaultListableBeanFactory]&amp#27;[0;39m - Creating shared instance of singleton bean 'webMvcObservationFilter'
18:27:18.750 &amp#27;[39mDEBUG&amp#27;[0;39m [&amp#27;[34mmain&amp#27;[0;39m] &amp#27;[36m[o.s.b.f.s.DefaultListableBeanFactory]&amp#27;[0;39m - Creating shared instance of singleton bean 'org.springframework.boot.actuate.autoconfigure.observation.web.servlet.WebMvcObservationAutoConfiguration'
18:27:18.767 &amp#27;[39mDEBUG&amp#27;[0;39m [&amp#27;[34mmain&amp#27;[0;39m] &amp#27;[36m[o.s.b.f.s.DefaultListableBeanFactory]&amp#27;[0;39m - Creating shared instance of singleton bean 'observationRegistry'
18:27:18.768 &amp#27;[39mDEBUG&amp#27;[0;39m [&amp#27;[34mmain&amp#27;[0;39m] &amp#27;[36m[o.s.b.f.s.DefaultListableBeanFactory]&amp#27;[0;39m - Creating shared instance of singleton bean 'org.springframework.boot.actuate.autoconfigure.observation.ObservationAutoConfiguration'
18:27:18.807 &amp#27;[39mDEBUG&amp#27;[0;39m [&amp#27;[34mmain&amp#27;[0;39m] &amp#27;[36m[o.s.b.f.s.DefaultListableBeanFactory]&amp#27;[0;39m - Creating shared instance of singleton bean 'propertiesObservationFilter'
18:27:18.811 &amp#27;[39mDEBUG&amp#27;[0;39m [&amp#27;[34mmain&amp#27;[0;39m] &amp#27;[36m[o.s.b.f.s.DefaultListableBeanFactory]&amp#27;[0;39m - Creating shared instance of singleton bean 'management.observations-org.springframework.boot.actuate.autoconfigure.observation.ObservationProperties'
18:27:18.835 &amp#27;[39mDEBUG&amp#27;[0;39m [&amp#27;[34mmain&amp#27;[0;39m] &amp#27;[36m[o.s.b.f.s.DefaultListableBeanFactory]&amp#27;[0;39m - Autowiring by type from bean name 'propertiesObservationFilter' via factory method to bean named 'management.observations-org.springframework.boot.actuate.autoconfigure.observation.ObservationProperties'
18:27:18.877 &amp#27;[39mDEBUG&amp#27;[0;39m [&amp#27;[34mmain&amp#27;[0;39m] &amp#27;[36m[o.s.b.f.s.DefaultListableBeanFactory]&amp#27;[0;39m - Creating shared instance of singleton bean 'metricsObservationHandlerGrouping'
18:27:18.878 &amp#27;[39mDEBUG&amp#27;[0;39m [&amp#27;[34mmain&amp#27;[0;39m] &amp#27;[36m[o.s.b.f.s.DefaultListableBeanFactory]&amp#27;[0;39m - Creating shared instance of singleton bean 'org.springframework.boot.actuate.autoconfigure.observation.ObservationAutoConfiguration$OnlyMetricsConfiguration'
18:27:18.904 &amp#27;[39mDEBUG&amp#27;[0;39m [&amp#27;[34mmain&amp#27;[0;39m] &amp#27;[36m[o.s.b.f.s.DefaultListableBeanFactory]&amp#27;[0;39m - Creating shared instance of singleton bean 'defaultMeterObservationHandler'
18:27:18.906 &amp#27;[39mDEBUG&amp#27;[0;39m [&amp#27;[34mmain&amp#27;[0;39m] &amp#27;[36m[o.s.b.f.s.DefaultListableBeanFactory]&amp#27;[0;39m - Creating shared instance of singleton bean 'org.springframework.boot.actuate.autoconfigure.observation.ObservationAutoConfiguration$MeterObservationHandlerConfiguration$OnlyMetricsMeterObservationHandlerConfiguration'
18:27:18.915 &amp#27;[39mDEBUG&amp#27;[0;39m [&amp#27;[34mmain&amp#27;[0;39m] &amp#27;[36m[o.s.b.f.s.DefaultListableBeanFactory]&amp#27;[0;39m - Creating shared instance of singleton bean 'simpleMeterRegistry'
18:27:18.916 &amp#27;[39mDEBUG&amp#27;[0;39m [&amp#27;[34mmain&amp#27;[0;39m] &amp#27;[36m[o.s.b.f.s.DefaultListableBeanFactory]&amp#27;[0;39m - Creating shared instance of singleton bean 'org.springframework.boot.actuate.autoconfigure.metrics.export.simple.SimpleMetricsExportAutoConfiguration'
18:27:18.930 &amp#27;[39mDEBUG&amp#27;[0;39m [&amp#27;[34mmain&amp#27;[0;39m] &amp#27;[36m[o.s.b.f.s.DefaultListableBeanFactory]&amp#27;[0;39m - Creating shared instance of singleton bean 'simpleConfig'
18:27:18.933 &amp#27;[39mDEBUG&amp#27;[0;39m [&amp#27;[34mmain&amp#27;[0;39m] &amp#27;[36m[o.s.b.f.s.DefaultListableBeanFactory]&amp#27;[0;39m - Creating shared instance of singleton bean 'management.simple.metrics.export-org.springframework.boot.actuate.autoconfigure.metrics.export.simple.SimpleProperties'
18:27:18.951 &amp#27;[39mDEBUG&amp#27;[0;39m [&amp#27;[34mmain&amp#27;[0;39m] &amp#27;[36m[o.s.b.f.s.DefaultListableBeanFactory]&amp#27;[0;39m - Autowiring by type from bean name 'simpleConfig' via factory method to bean named 'management.simple.metrics.export-org.springframework.boot.actuate.autoconfigure.metrics.export.simple.SimpleProperties'
18:27:18.993 &amp#27;[39mDEBUG&amp#27;[0;39m [&amp#27;[34mmain&amp#27;[0;39m] &amp#27;[36m[o.s.b.f.s.DefaultListableBeanFactory]&amp#27;[0;39m - Creating shared instance of singleton bean 'micrometerClock'
18:27:18.995 &amp#27;[39mDEBUG&amp#27;[0;39m [&amp#27;[34mmain&amp#27;[0;39m] &amp#27;[36m[o.s.b.f.s.DefaultListableBeanFactory]&amp#27;[0;39m - Creating shared instance of singleton bean 'org.springframework.boot.actuate.autoconfigure.metrics.MetricsAutoConfiguration'
18:27:19.019 &amp#27;[39mDEBUG&amp#27;[0;39m [&amp#27;[34mmain&amp#27;[0;39m] &amp#27;[36m[o.s.b.f.s.DefaultListableBeanFactory]&amp#27;[0;39m - Autowiring by type from bean name 'simpleMeterRegistry' via factory method to bean named 'simpleConfig'
18:27:19.020 &amp#27;[39mDEBUG&amp#27;[0;39m [&amp#27;[34mmain&amp#27;[0;39m] &amp#27;[36m[o.s.b.f.s.DefaultListableBeanFactory]&amp#27;[0;39m - Autowiring by type from bean name 'simpleMeterRegistry' via factory method to bean named 'micrometerClock'
18:27:19.043 &amp#27;[39mDEBUG&amp#27;[0;39m [&amp#27;[34mmain&amp#27;[0;39m] &amp#27;[36m[i.m.c.u.i.l.InternalLoggerFactory]&amp#27;[0;39m - Using SLF4J as the default logging framework
18:27:19.207 &amp#27;[39mDEBUG&amp#27;[0;39m [&amp#27;[34mmain&amp#27;[0;39m] &amp#27;[36m[o.s.b.f.s.DefaultListableBeanFactory]&amp#27;[0;39m - Creating shared instance of singleton bean 'propertiesMeterFilter'
18:27:19.211 &amp#27;[39mDEBUG&amp#27;[0;39m [&amp#27;[34mmain&amp#27;[0;39m] &amp#27;[36m[o.s.b.f.s.DefaultListableBeanFactory]&amp#27;[0;39m - Creating shared instance of singleton bean 'management.metrics-org.springframework.boot.actuate.autoconfigure.metrics.MetricsProperties'
18:27:19.233 &amp#27;[39mDEBUG&amp#27;[0;39m [&amp#27;[34mmain&amp#27;[0;39m] &amp#27;[36m[o.s.b.f.s.DefaultListableBeanFactory]&amp#27;[0;39m - Autowiring by type from bean name 'propertiesMeterFilter' via factory method to bean named 'management.metrics-org.springframework.boot.actuate.autoconfigure.metrics.MetricsProperties'
18:27:19.275 &amp#27;[39mDEBUG&amp#27;[0;39m [&amp#27;[34mmain&amp#27;[0;39m] &amp#27;[36m[o.s.b.f.s.DefaultListableBeanFactory]&amp#27;[0;39m - Creating shared instance of singleton bean 'metricsHttpClientUriTagFilter'
18:27:19.277 &amp#27;[39mDEBUG&amp#27;[0;39m [&amp#27;[34mmain&amp#27;[0;39m] &amp#27;[36m[o.s.b.f.s.DefaultListableBeanFactory]&amp#27;[0;39m - Creating shared instance of singleton bean 'org.springframework.boot.actuate.autoconfigure.observation.web.client.HttpClientObservationsAutoConfiguration$MeterFilterConfiguration'
18:27:19.290 &amp#27;[39mDEBUG&amp#27;[0;39m [&amp#27;[34mmain&amp#27;[0;39m] &amp#27;[36m[o.s.b.f.s.DefaultListableBeanFactory]&amp#27;[0;39m - Autowiring by type from bean name 'metricsHttpClientUriTagFilter' via factory method to bean named 'management.observations-org.springframework.boot.actuate.autoconfigure.observation.ObservationProperties'
18:27:19.291 &amp#27;[39mDEBUG&amp#27;[0;39m [&amp#27;[34mmain&amp#27;[0;39m] &amp#27;[36m[o.s.b.f.s.DefaultListableBeanFactory]&amp#27;[0;39m - Autowiring by type from bean name 'metricsHttpClientUriTagFilter' via factory method to bean named 'management.metrics-org.springframework.boot.actuate.autoconfigure.metrics.MetricsProperties'
18:27:19.309 &amp#27;[39mDEBUG&amp#27;[0;39m [&amp#27;[34mmain&amp#27;[0;39m] &amp#27;[36m[o.s.b.f.s.DefaultListableBeanFactory]&amp#27;[0;39m - Creating shared instance of singleton bean 'metricsHttpServerUriTagFilter'
18:27:19.310 &amp#27;[39mDEBUG&amp#27;[0;39m [&amp#27;[34mmain&amp#27;[0;39m] &amp#27;[36m[o.s.b.f.s.DefaultListableBeanFactory]&amp#27;[0;39m - Creating shared instance of singleton bean 'org.springframework.boot.actuate.autoconfigure.observation.web.servlet.WebMvcObservationAutoConfiguration$MeterFilterConfiguration'
18:27:19.323 &amp#27;[39mDEBUG&amp#27;[0;39m [&amp#27;[34mmain&amp#27;[0;39m] &amp#27;[36m[o.s.b.f.s.DefaultListableBeanFactory]&amp#27;[0;39m - Autowiring by type from bean name 'metricsHttpServerUriTagFilter' via factory method to bean named 'management.observations-org.springframework.boot.actuate.autoconfigure.observation.ObservationProperties'
18:27:19.325 &amp#27;[39mDEBUG&amp#27;[0;39m [&amp#27;[34mmain&amp#27;[0;39m] &amp#27;[36m[o.s.b.f.s.DefaultListableBeanFactory]&amp#27;[0;39m - Autowiring by type from bean name 'metricsHttpServerUriTagFilter' via factory method to bean named 'management.metrics-org.springframework.boot.actuate.autoconfigure.metrics.MetricsProperties'
18:27:19.349 &amp#27;[39mDEBUG&amp#27;[0;39m [&amp#27;[34mmain&amp#27;[0;39m] &amp#27;[36m[o.s.b.f.s.DefaultListableBeanFactory]&amp#27;[0;39m - Autowiring by type from bean name 'defaultMeterObservationHandler' via factory method to bean named 'simpleMeterRegistry'
18:27:19.350 &amp#27;[39mDEBUG&amp#27;[0;39m [&amp#27;[34mmain&amp#27;[0;39m] &amp#27;[36m[o.s.b.f.s.DefaultListableBeanFactory]&amp#27;[0;39m - Autowiring by type from bean name 'defaultMeterObservationHandler' via factory method to bean named 'management.observations-org.springframework.boot.actuate.autoconfigure.observation.ObservationProperties'
18:27:19.388 &amp#27;[39mDEBUG&amp#27;[0;39m [&amp#27;[34mmain&amp#27;[0;39m] &amp#27;[36m[o.s.b.f.s.DefaultListableBeanFactory]&amp#27;[0;39m - Autowiring by type from bean name 'webMvcObservationFilter' via factory method to bean named 'observationRegistry'
18:27:19.389 &amp#27;[39mDEBUG&amp#27;[0;39m [&amp#27;[34mmain&amp#27;[0;39m] &amp#27;[36m[o.s.b.f.s.DefaultListableBeanFactory]&amp#27;[0;39m - Autowiring by type from bean name 'webMvcObservationFilter' via factory method to bean named 'management.observations-org.springframework.boot.actuate.autoconfigure.observation.ObservationProperties'
18:27:19.451 &amp#27;[39mDEBUG&amp#27;[0;39m [&amp#27;[34mmain&amp#27;[0;39m] &amp#27;[36m[o.s.b.f.s.DefaultListableBeanFactory]&amp#27;[0;39m - Creating shared instance of singleton bean 'servletEndpointRegistrar'
18:27:19.453 &amp#27;[39mDEBUG&amp#27;[0;39m [&amp#27;[34mmain&amp#27;[0;39m] &amp#27;[36m[o.s.b.f.s.DefaultListableBeanFactory]&amp#27;[0;39m - Creating shared instance of singleton bean 'org.springframework.boot.actuate.autoconfigure.endpoint.web.ServletEndpointManagementContextConfiguration$WebMvcServletEndpointManagementContextConfiguration'
18:27:19.464 &amp#27;[39mDEBUG&amp#27;[0;39m [&amp#27;[34mmain&amp#27;[0;39m] &amp#27;[36m[o.s.b.f.s.DefaultListableBeanFactory]&amp#27;[0;39m - Creating shared instance of singleton bean 'management.endpoints.web-org.springframework.boot.actuate.autoconfigure.endpoint.web.WebEndpointProperties'
18:27:19.489 &amp#27;[39mDEBUG&amp#27;[0;39m [&amp#27;[34mmain&amp#27;[0;39m] &amp#27;[36m[o.s.b.f.s.DefaultListableBeanFactory]&amp#27;[0;39m - Creating shared instance of singleton bean 'servletEndpointDiscoverer'
18:27:19.490 &amp#27;[39mDEBUG&amp#27;[0;39m [&amp#27;[34mmain&amp#27;[0;39m] &amp#27;[36m[o.s.b.f.s.DefaultListableBeanFactory]&amp#27;[0;39m - Creating shared instance of singleton bean 'org.springframework.boot.actuate.autoconfigure.endpoint.web.WebEndpointAutoConfiguration$WebEndpointServletConfiguration'
18:27:19.501 &amp#27;[39mDEBUG&amp#27;[0;39m [&amp#27;[34mmain&amp#27;[0;39m] &amp#27;[36m[o.s.b.f.s.DefaultListableBeanFactory]&amp#27;[0;39m - Autowiring by type from bean name 'servletEndpointDiscoverer' via factory method to bean named 'org.springframework.boot.web.servlet.context.AnnotationConfigServletWebServerApplicationContext@66e21568'
18:27:19.508 &amp#27;[39mDEBUG&amp#27;[0;39m [&amp#27;[34mmain&amp#27;[0;39m] &amp#27;[36m[o.s.b.f.s.DefaultListableBeanFactory]&amp#27;[0;39m - Creating shared instance of singleton bean 'webEndpointPathMapper'
18:27:19.510 &amp#27;[39mDEBUG&amp#27;[0;39m [&amp#27;[34mmain&amp#27;[0;39m] &amp#27;[36m[o.s.b.f.s.DefaultListableBeanFactory]&amp#27;[0;39m - Creating shared instance of singleton bean 'org.springframework.boot.actuate.autoconfigure.endpoint.web.WebEndpointAutoConfiguration'
18:27:19.515 &amp#27;[39mDEBUG&amp#27;[0;39m [&amp#27;[34mmain&amp#27;[0;39m] &amp#27;[36m[o.s.b.f.s.DefaultListableBeanFactory]&amp#27;[0;39m - Autowiring by type from bean name 'org.springframework.boot.actuate.autoconfigure.endpoint.web.WebEndpointAutoConfiguration' via constructor to bean named 'org.springframework.boot.web.servlet.context.AnnotationConfigServletWebServerApplicationContext@66e21568'
18:27:19.516 &amp#27;[39mDEBUG&amp#27;[0;39m [&amp#27;[34mmain&amp#27;[0;39m] &amp#27;[36m[o.s.b.f.s.DefaultListableBeanFactory]&amp#27;[0;39m - Autowiring by type from bean name 'org.springframework.boot.actuate.autoconfigure.endpoint.web.WebEndpointAutoConfiguration' via constructor to bean named 'management.endpoints.web-org.springframework.boot.actuate.autoconfigure.endpoint.web.WebEndpointProperties'
18:27:19.569 &amp#27;[39mDEBUG&amp#27;[0;39m [&amp#27;[34mmain&amp#27;[0;39m] &amp#27;[36m[o.s.b.f.s.DefaultListableBeanFactory]&amp#27;[0;39m - Creating shared instance of singleton bean 'servletExposeExcludePropertyEndpointFilter'
18:27:19.570 &amp#27;[39mDEBUG&amp#27;[0;39m [&amp#27;[34mmain&amp#27;[0;39m] &amp#27;[36m[o.s.b.f.s.DefaultListableBeanFactory]&amp#27;[0;39m - Creating shared instance of singleton bean 'org.springframework.boot.actuate.autoconfigure.endpoint.web.ServletEndpointManagementContextConfiguration'
18:27:19.580 &amp#27;[39mDEBUG&amp#27;[0;39m [&amp#27;[34mmain&amp#27;[0;39m] &amp#27;[36m[o.s.b.f.s.DefaultListableBeanFactory]&amp#27;[0;39m - Autowiring by type from bean name 'servletExposeExcludePropertyEndpointFilter' via factory method to bean named 'management.endpoints.web-org.springframework.boot.actuate.autoconfigure.endpoint.web.WebEndpointProperties'
18:27:19.659 &amp#27;[39mDEBUG&amp#27;[0;39m [&amp#27;[34mmain&amp#27;[0;39m] &amp#27;[36m[o.s.b.f.s.DefaultListableBeanFactory]&amp#27;[0;39m - Creating shared instance of singleton bean 'propertiesEndpointAccessResolver'
18:27:19.660 &amp#27;[39mDEBUG&amp#27;[0;39m [&amp#27;[34mmain&amp#27;[0;39m] &amp#27;[36m[o.s.b.f.s.DefaultListableBeanFactory]&amp#27;[0;39m - Creating shared instance of singleton bean 'org.springframework.boot.actuate.autoconfigure.endpoint.EndpointAutoConfiguration'
18:27:19.672 &amp#27;[39mDEBUG&amp#27;[0;39m [&amp#27;[34mmain&amp#27;[0;39m] &amp#27;[36m[o.s.b.f.s.DefaultListableBeanFactory]&amp#27;[0;39m - Autowiring by type from bean name 'propertiesEndpointAccessResolver' via factory method to bean named 'environment'
18:27:19.685 &amp#27;[39mDEBUG&amp#27;[0;39m [&amp#27;[34mmain&amp#27;[0;39m] &amp#27;[36m[o.s.b.f.s.DefaultListableBeanFactory]&amp#27;[0;39m - Autowiring by type from bean name 'servletEndpointRegistrar' via factory method to bean named 'management.endpoints.web-org.springframework.boot.actuate.autoconfigure.endpoint.web.WebEndpointProperties'
18:27:19.686 &amp#27;[39mDEBUG&amp#27;[0;39m [&amp#27;[34mmain&amp#27;[0;39m] &amp#27;[36m[o.s.b.f.s.DefaultListableBeanFactory]&amp#27;[0;39m - Autowiring by type from bean name 'servletEndpointRegistrar' via factory method to bean named 'servletEndpointDiscoverer'
18:27:19.687 &amp#27;[39mDEBUG&amp#27;[0;39m [&amp#27;[34mmain&amp#27;[0;39m] &amp#27;[36m[o.s.b.f.s.DefaultListableBeanFactory]&amp#27;[0;39m - Autowiring by type from bean name 'servletEndpointRegistrar' via factory method to bean named 'dispatcherServletRegistration'
18:27:19.687 &amp#27;[39mDEBUG&amp#27;[0;39m [&amp#27;[34mmain&amp#27;[0;39m] &amp#27;[36m[o.s.b.f.s.DefaultListableBeanFactory]&amp#27;[0;39m - Autowiring by type from bean name 'servletEndpointRegistrar' via factory method to bean named 'propertiesEndpointAccessResolver'
18:27:19.760 &amp#27;[39mDEBUG&amp#27;[0;39m [&amp#27;[34mmain&amp#27;[0;39m] &amp#27;[36m[o.s.b.f.s.DefaultListableBeanFactory]&amp#27;[0;39m - Creating shared instance of singleton bean 'loggingFilter'
18:27:19.778 &amp#27;[39mDEBUG&amp#27;[0;39m [&amp#27;[34mmain&amp#27;[0;39m] &amp#27;[36m[o.s.b.f.s.DefaultListableBeanFactory]&amp#27;[0;39m - Creating shared instance of singleton bean 'requestContextFilter'
18:27:19.823 &amp#27;[39mDEBUG&amp#27;[0;39m [&amp#27;[34mmain&amp#27;[0;39m] &amp#27;[36m[o.s.b.f.s.DefaultListableBeanFactory]&amp#27;[0;39m - Creating shared instance of singleton bean 'formContentFilter'
18:27:19.825 &amp#27;[39mDEBUG&amp#27;[0;39m [&amp#27;[34mmain&amp#27;[0;39m] &amp#27;[36m[o.s.b.f.s.DefaultListableBeanFactory]&amp#27;[0;39m - Creating shared instance of singleton bean 'org.springframework.boot.autoconfigure.web.servlet.WebMvcAutoConfiguration'
18:27:19.870 &amp#27;[39mDEBUG&amp#27;[0;39m [&amp#27;[34mmain&amp#27;[0;39m] &amp#27;[36m[o.s.b.f.s.DefaultListableBeanFactory]&amp#27;[0;39m - Creating shared instance of singleton bean 'characterEncodingFilter'
18:27:19.916 &amp#27;[39mDEBUG&amp#27;[0;39m [&amp#27;[34mmain&amp#27;[0;39m] &amp#27;[36m[o.s.b.w.s.ServletContextInitializerBeans]&amp#27;[0;39m - Mapping filters: webMvcObservationFilter urls=[/*] order=-2147483647, characterEncodingFilter urls=[/*] order=-2147483648, formContentFilter urls=[/*] order=-9900, requestContextFilter urls=[/*] order=-105, loggingFilter urls=[/*] order=1
18:27:19.918 &amp#27;[39mDEBUG&amp#27;[0;39m [&amp#27;[34mmain&amp#27;[0;39m] &amp#27;[36m[o.s.b.w.s.ServletContextInitializerBeans]&amp#27;[0;39m - Mapping servlets: dispatcherServlet urls=[/]
18:27:20.020 &amp#27;[39mDEBUG&amp#27;[0;39m [&amp#27;[34mmain&amp#27;[0;39m] &amp#27;[36m[o.s.b.w.s.f.OrderedRequestContextFilter]&amp#27;[0;39m - Filter 'requestContextFilter' configured for use
18:27:20.038 &amp#27;[39mDEBUG&amp#27;[0;39m [&amp#27;[34mmain&amp#27;[0;39m] &amp#27;[36m[o.s.w.f.ServerHttpObservationFilter]&amp#27;[0;39m - Filter 'webMvcObservationFilter' configured for use
18:27:20.040 &amp#27;[34mINFO &amp#27;[0;39m [&amp#27;[34mmain&amp#27;[0;39m] &amp#27;[36m[c.l.r.w.LoggingFilter]&amp#27;[0;39m - LoggingFilter initialized - correlation IDs enabled
18:27:20.041 &amp#27;[39mDEBUG&amp#27;[0;39m [&amp#27;[34mmain&amp#27;[0;39m] &amp#27;[36m[o.s.b.w.s.f.OrderedCharacterEncodingFilter]&amp#27;[0;39m - Filter 'characterEncodingFilter' configured for use
18:27:20.042 &amp#27;[39mDEBUG&amp#27;[0;39m [&amp#27;[34mmain&amp#27;[0;39m] &amp#27;[36m[o.s.b.w.s.f.OrderedFormContentFilter]&amp#27;[0;39m - Filter 'formContentFilter' configured for use
18:27:20.071 &amp#27;[39mDEBUG&amp#27;[0;39m [&amp#27;[34mmain&amp#27;[0;39m] &amp#27;[36m[o.s.b.f.s.DefaultListableBeanFactory]&amp#27;[0;39m - Creating shared instance of singleton bean 'applicationTaskExecutor'
18:27:20.072 &amp#27;[39mDEBUG&amp#27;[0;39m [&amp#27;[34mmain&amp#27;[0;39m] &amp#27;[36m[o.s.b.f.s.DefaultListableBeanFactory]&amp#27;[0;39m - Creating shared instance of singleton bean 'org.springframework.boot.autoconfigure.task.TaskExecutorConfigurations$TaskExecutorConfiguration'
18:27:20.084 &amp#27;[39mDEBUG&amp#27;[0;39m [&amp#27;[34mmain&amp#27;[0;39m] &amp#27;[36m[o.s.b.f.s.DefaultListableBeanFactory]&amp#27;[0;39m - Creating shared instance of singleton bean 'threadPoolTaskExecutorBuilder'
18:27:20.085 &amp#27;[39mDEBUG&amp#27;[0;39m [&amp#27;[34mmain&amp#27;[0;39m] &amp#27;[36m[o.s.b.f.s.DefaultListableBeanFactory]&amp#27;[0;39m - Creating shared instance of singleton bean 'org.springframework.boot.autoconfigure.task.TaskExecutorConfigurations$ThreadPoolTaskExecutorBuilderConfiguration'
18:27:20.099 &amp#27;[39mDEBUG&amp#27;[0;39m [&amp#27;[34mmain&amp#27;[0;39m] &amp#27;[36m[o.s.b.f.s.DefaultListableBeanFactory]&amp#27;[0;39m - Creating shared instance of singleton bean 'spring.task.execution-org.springframework.boot.autoconfigure.task.TaskExecutionProperties'
18:27:20.118 &amp#27;[39mDEBUG&amp#27;[0;39m [&amp#27;[34mmain&amp#27;[0;39m] &amp#27;[36m[o.s.b.f.s.DefaultListableBeanFactory]&amp#27;[0;39m - Autowiring by type from bean name 'threadPoolTaskExecutorBuilder' via factory method to bean named 'spring.task.execution-org.springframework.boot.autoconfigure.task.TaskExecutionProperties'
18:27:20.145 &amp#27;[39mDEBUG&amp#27;[0;39m [&amp#27;[34mmain&amp#27;[0;39m] &amp#27;[36m[o.s.b.f.s.DefaultListableBeanFactory]&amp#27;[0;39m - Autowiring by type from bean name 'applicationTaskExecutor' via factory method to bean named 'threadPoolTaskExecutorBuilder'
18:27:20.170 &amp#27;[39mDEBUG&amp#27;[0;39m [&amp#27;[34mmain&amp#27;[0;39m] &amp#27;[36m[o.s.s.c.ThreadPoolTaskExecutor]&amp#27;[0;39m - Initializing ExecutorService 'applicationTaskExecutor'
18:27:20.263 &amp#27;[39mDEBUG&amp#27;[0;39m [&amp#27;[34mmain&amp#27;[0;39m] &amp#27;[36m[o.s.b.f.s.DefaultListableBeanFactory]&amp#27;[0;39m - Creating shared instance of singleton bean 'org.springframework.test.context.support.internalDynamicPropertyRegistrarBeanInitializer'
18:27:20.280 &amp#27;[39mDEBUG&amp#27;[0;39m [&amp#27;[34mmain&amp#27;[0;39m] &amp#27;[36m[o.s.b.f.s.DefaultListableBeanFactory]&amp#27;[0;39m - Creating shared instance of singleton bean 'rateLimiterApplication'
18:27:20.288 &amp#27;[39mDEBUG&amp#27;[0;39m [&amp#27;[34mmain&amp#27;[0;39m] &amp#27;[36m[o.s.b.f.s.DefaultListableBeanFactory]&amp#27;[0;39m - Creating shared instance of singleton bean 'rateLimiterProperties'
18:27:20.335 &amp#27;[39mDEBUG&amp#27;[0;39m [&amp#27;[34mmain&amp#27;[0;39m] &amp#27;[36m[o.s.b.f.s.DefaultListableBeanFactory]&amp#27;[0;39m - Creating shared instance of singleton bean 'resilienceConfig'
18:27:20.351 &amp#27;[39mDEBUG&amp#27;[0;39m [&amp#27;[34mmain&amp#27;[0;39m] &amp#27;[36m[o.s.b.f.s.DefaultListableBeanFactory]&amp#27;[0;39m - Creating shared instance of singleton bean 'webConfig'
18:27:20.354 &amp#27;[39mDEBUG&amp#27;[0;39m [&amp#27;[34mmain&amp#27;[0;39m] &amp#27;[36m[o.s.b.f.s.DefaultListableBeanFactory]&amp#27;[0;39m - Creating shared instance of singleton bean 'rateLimitInterceptor'
18:27:20.356 &amp#27;[39mDEBUG&amp#27;[0;39m [&amp#27;[34mmain&amp#27;[0;39m] &amp#27;[36m[o.s.b.f.s.DefaultListableBeanFactory]&amp#27;[0;39m - Creating shared instance of singleton bean 'rateLimitService'
18:27:20.367 &amp#27;[39mDEBUG&amp#27;[0;39m [&amp#27;[34mmain&amp#27;[0;39m] &amp#27;[36m[o.s.b.f.s.DefaultListableBeanFactory]&amp#27;[0;39m - Creating shared instance of singleton bean 'rateLimitMetricsService'
18:27:20.371 &amp#27;[39mDEBUG&amp#27;[0;39m [&amp#27;[34mmain&amp#27;[0;39m] &amp#27;[36m[o.s.b.f.s.DefaultListableBeanFactory]&amp#27;[0;39m - Autowiring by type from bean name 'rateLimitMetricsService' via constructor to bean named 'simpleMeterRegistry'
18:27:20.433 &amp#27;[39mDEBUG&amp#27;[0;39m [&amp#27;[34mmain&amp#27;[0;39m] &amp#27;[36m[o.s.b.f.s.DefaultListableBeanFactory]&amp#27;[0;39m - Autowiring by type from bean name 'rateLimitService' via constructor to bean named 'rateLimiterProperties'
18:27:20.434 &amp#27;[39mDEBUG&amp#27;[0;39m [&amp#27;[34mmain&amp#27;[0;39m] &amp#27;[36m[o.s.b.f.s.DefaultListableBeanFactory]&amp#27;[0;39m - Autowiring by type from bean name 'rateLimitService' via constructor to bean named 'rateLimitMetricsService'
18:27:20.435 &amp#27;[34mINFO &amp#27;[0;39m [&amp#27;[34mmain&amp#27;[0;39m] &amp#27;[36m[c.l.r.s.RateLimitService]&amp#27;[0;39m - RateLimitService initialized with 2 endpoint configurations
18:27:20.447 &amp#27;[34mINFO &amp#27;[0;39m [&amp#27;[34mmain&amp#27;[0;39m] &amp#27;[36m[c.l.r.s.RateLimitService]&amp#27;[0;39m - Available keys: [apihello, apilimited]
18:27:20.448 &amp#27;[34mINFO &amp#27;[0;39m [&amp#27;[34mmain&amp#27;[0;39m] &amp#27;[36m[c.l.r.s.RateLimitService]&amp#27;[0;39m - Looking up endpoint: /apihello
18:27:20.450 &amp#27;[34mINFO &amp#27;[0;39m [&amp#27;[34mmain&amp#27;[0;39m] &amp#27;[36m[c.l.r.s.RateLimitService]&amp#27;[0;39m - Matched Config: com.learning.ratelimiter.config.RateLimiterProperties$EndpointConfig@d99df7a
18:27:20.451 &amp#27;[34mINFO &amp#27;[0;39m [&amp#27;[34mmain&amp#27;[0;39m] &amp#27;[36m[c.l.r.s.RateLimitService]&amp#27;[0;39m - Creating rate limiter for endpoint '/apihello' with custom config: 10req/60000ms using FIXED_WINDOW
18:27:20.457 &amp#27;[39mDEBUG&amp#27;[0;39m [&amp#27;[34mmain&amp#27;[0;39m] &amp#27;[36m[c.l.r.s.RateLimitService]&amp#27;[0;39m - Pre-initialized rate limiter for: /apihello
18:27:20.458 &amp#27;[34mINFO &amp#27;[0;39m [&amp#27;[34mmain&amp#27;[0;39m] &amp#27;[36m[c.l.r.s.RateLimitService]&amp#27;[0;39m - Available keys: [apihello, apilimited]
18:27:20.459 &amp#27;[34mINFO &amp#27;[0;39m [&amp#27;[34mmain&amp#27;[0;39m] &amp#27;[36m[c.l.r.s.RateLimitService]&amp#27;[0;39m - Looking up endpoint: /apilimited
18:27:20.461 &amp#27;[34mINFO &amp#27;[0;39m [&amp#27;[34mmain&amp#27;[0;39m] &amp#27;[36m[c.l.r.s.RateLimitService]&amp#27;[0;39m - Matched Config: com.learning.ratelimiter.config.RateLimiterProperties$EndpointConfig@16cbba0f
18:27:20.462 &amp#27;[34mINFO &amp#27;[0;39m [&amp#27;[34mmain&amp#27;[0;39m] &amp#27;[36m[c.l.r.s.RateLimitService]&amp#27;[0;39m - Creating rate limiter for endpoint '/apilimited' with custom config: 3req/60000ms using SLIDING_WINDOW
18:27:20.464 &amp#27;[39mDEBUG&amp#27;[0;39m [&amp#27;[34mmain&amp#27;[0;39m] &amp#27;[36m[c.l.r.s.RateLimitService]&amp#27;[0;39m - Pre-initialized rate limiter for: /apilimited
18:27:20.465 &amp#27;[34mINFO &amp#27;[0;39m [&amp#27;[34mmain&amp#27;[0;39m] &amp#27;[36m[c.l.r.s.RateLimitService]&amp#27;[0;39m - Pre-initialized 2 rate limiters
18:27:20.466 &amp#27;[34mINFO &amp#27;[0;39m [&amp#27;[34mmain&amp#27;[0;39m] &amp#27;[36m[c.l.r.s.RateLimitService]&amp#27;[0;39m - === RATE LIMITER DEBUG ===
18:27:20.471 &amp#27;[34mINFO &amp#27;[0;39m [&amp#27;[34mmain&amp#27;[0;39m] &amp#27;[36m[c.l.r.s.RateLimitService]&amp#27;[0;39m - Default max requests: 200
18:27:20.472 &amp#27;[34mINFO &amp#27;[0;39m [&amp#27;[34mmain&amp#27;[0;39m] &amp#27;[36m[c.l.r.s.RateLimitService]&amp#27;[0;39m - Default algorithm: FIXED_WINDOW
18:27:20.472 &amp#27;[34mINFO &amp#27;[0;39m [&amp#27;[34mmain&amp#27;[0;39m] &amp#27;[36m[c.l.r.s.RateLimitService]&amp#27;[0;39m - Client ID strategy: API_KEY
18:27:20.473 &amp#27;[34mINFO &amp#27;[0;39m [&amp#27;[34mmain&amp#27;[0;39m] &amp#27;[36m[c.l.r.s.RateLimitService]&amp#27;[0;39m - Configured endpoints: 2
18:27:20.475 &amp#27;[34mINFO &amp#27;[0;39m [&amp#27;[34mmain&amp#27;[0;39m] &amp#27;[36m[c.l.r.s.RateLimitService]&amp#27;[0;39m - Endpoint 'apihello': maxRequests=10, algorithm=FIXED_WINDOW, enabled=true
18:27:20.476 &amp#27;[34mINFO &amp#27;[0;39m [&amp#27;[34mmain&amp#27;[0;39m] &amp#27;[36m[c.l.r.s.RateLimitService]&amp#27;[0;39m - Endpoint 'apilimited': maxRequests=3, algorithm=SLIDING_WINDOW, enabled=true
18:27:20.477 &amp#27;[34mINFO &amp#27;[0;39m [&amp#27;[34mmain&amp#27;[0;39m] &amp#27;[36m[c.l.r.s.RateLimitService]&amp#27;[0;39m - === END DEBUG ===
18:27:20.506 &amp#27;[39mDEBUG&amp#27;[0;39m [&amp#27;[34mmain&amp#27;[0;39m] &amp#27;[36m[o.s.b.f.s.DefaultListableBeanFactory]&amp#27;[0;39m - Autowiring by type from bean name 'rateLimitInterceptor' via constructor to bean named 'rateLimitService'
18:27:20.549 &amp#27;[39mDEBUG&amp#27;[0;39m [&amp#27;[34mmain&amp#27;[0;39m] &amp#27;[36m[o.s.b.f.s.DefaultListableBeanFactory]&amp#27;[0;39m - Autowiring by type from bean name 'webConfig' via constructor to bean named 'rateLimitInterceptor'
18:27:20.592 &amp#27;[39mDEBUG&amp#27;[0;39m [&amp#27;[34mmain&amp#27;[0;39m] &amp#27;[36m[o.s.b.f.s.DefaultListableBeanFactory]&amp#27;[0;39m - Creating shared instance of singleton bean 'apiController'
18:27:20.620 &amp#27;[39mDEBUG&amp#27;[0;39m [&amp#27;[34mmain&amp#27;[0;39m] &amp#27;[36m[o.s.b.f.s.DefaultListableBeanFactory]&amp#27;[0;39m - Creating shared instance of singleton bean 'rateLimiterHealthIndicator'
18:27:20.624 &amp#27;[39mDEBUG&amp#27;[0;39m [&amp#27;[34mmain&amp#27;[0;39m] &amp#27;[36m[o.s.b.f.s.DefaultListableBeanFactory]&amp#27;[0;39m - Autowiring by type from bean name 'rateLimiterHealthIndicator' via constructor to bean named 'rateLimitService'
18:27:20.637 &amp#27;[39mDEBUG&amp#27;[0;39m [&amp#27;[34mmain&amp#27;[0;39m] &amp#27;[36m[o.s.b.f.s.DefaultListableBeanFactory]&amp#27;[0;39m - Creating shared instance of singleton bean 'resilientRateLimitService'
18:27:20.642 &amp#27;[39mDEBUG&amp#27;[0;39m [&amp#27;[34mmain&amp#27;[0;39m] &amp#27;[36m[o.s.b.f.s.DefaultListableBeanFactory]&amp#27;[0;39m - Creating shared instance of singleton bean 'rateLimiterCircuitBreaker'
18:27:20.803 &amp#27;[39mDEBUG&amp#27;[0;39m [&amp#27;[34mmain&amp#27;[0;39m] &amp#27;[36m[o.s.b.f.s.DefaultListableBeanFactory]&amp#27;[0;39m - Creating shared instance of singleton bean 'rateLimiterRetry'
18:27:20.858 &amp#27;[39mDEBUG&amp#27;[0;39m [&amp#27;[34mmain&amp#27;[0;39m] &amp#27;[36m[o.s.b.f.s.DefaultListableBeanFactory]&amp#27;[0;39m - Autowiring by type from bean name 'resilientRateLimitService' via constructor to bean named 'rateLimitService'
18:27:20.859 &amp#27;[39mDEBUG&amp#27;[0;39m [&amp#27;[34mmain&amp#27;[0;39m] &amp#27;[36m[o.s.b.f.s.DefaultListableBeanFactory]&amp#27;[0;39m - Autowiring by type from bean name 'resilientRateLimitService' via constructor to bean named 'rateLimiterCircuitBreaker'
18:27:20.860 &amp#27;[39mDEBUG&amp#27;[0;39m [&amp#27;[34mmain&amp#27;[0;39m] &amp#27;[36m[o.s.b.f.s.DefaultListableBeanFactory]&amp#27;[0;39m - Autowiring by type from bean name 'resilientRateLimitService' via constructor to bean named 'rateLimiterRetry'
18:27:20.869 &amp#27;[39mDEBUG&amp#27;[0;39m [&amp#27;[34mmain&amp#27;[0;39m] &amp#27;[36m[o.s.b.f.s.DefaultListableBeanFactory]&amp#27;[0;39m - Creating shared instance of singleton bean 'org.springframework.boot.autoconfigure.AutoConfigurationPackages'
18:27:20.877 &amp#27;[39mDEBUG&amp#27;[0;39m [&amp#27;[34mmain&amp#27;[0;39m] &amp#27;[36m[o.s.b.f.s.DefaultListableBeanFactory]&amp#27;[0;39m - Creating shared instance of singleton bean 'org.springframework.boot.autoconfigure.context.PropertyPlaceholderAutoConfiguration'
18:27:20.886 &amp#27;[39mDEBUG&amp#27;[0;39m [&amp#27;[34mmain&amp#27;[0;39m] &amp#27;[36m[o.s.b.f.s.DefaultListableBeanFactory]&amp#27;[0;39m - Creating shared instance of singleton bean 'org.springframework.boot.context.properties.EnableConfigurationPropertiesRegistrar.methodValidationExcludeFilter'
18:27:20.916 &amp#27;[39mDEBUG&amp#27;[0;39m [&amp#27;[34mmain&amp#27;[0;39m] &amp#27;[36m[o.s.b.f.s.DefaultListableBeanFactory]&amp#27;[0;39m - Creating shared instance of singleton bean 'org.springframework.boot.autoconfigure.websocket.servlet.WebSocketServletAutoConfiguration'
18:27:20.924 &amp#27;[39mDEBUG&amp#27;[0;39m [&amp#27;[34mmain&amp#27;[0;39m] &amp#27;[36m[o.s.b.f.s.DefaultListableBeanFactory]&amp#27;[0;39m - Creating shared instance of singleton bean 'org.springframework.boot.autoconfigure.web.servlet.DispatcherServletAutoConfiguration'
18:27:20.931 &amp#27;[39mDEBUG&amp#27;[0;39m [&amp#27;[34mmain&amp#27;[0;39m] &amp#27;[36m[o.s.b.f.s.DefaultListableBeanFactory]&amp#27;[0;39m - Creating shared instance of singleton bean 'org.springframework.boot.autoconfigure.task.TaskExecutorConfigurations$SimpleAsyncTaskExecutorBuilderConfiguration'
18:27:20.936 &amp#27;[39mDEBUG&amp#27;[0;39m [&amp#27;[34mmain&amp#27;[0;39m] &amp#27;[36m[o.s.b.f.s.DefaultListableBeanFactory]&amp#27;[0;39m - Autowiring by type from bean name 'org.springframework.boot.autoconfigure.task.TaskExecutorConfigurations$SimpleAsyncTaskExecutorBuilderConfiguration' via constructor to bean named 'spring.task.execution-org.springframework.boot.autoconfigure.task.TaskExecutionProperties'
18:27:20.946 &amp#27;[39mDEBUG&amp#27;[0;39m [&amp#27;[34mmain&amp#27;[0;39m] &amp#27;[36m[o.s.b.f.s.DefaultListableBeanFactory]&amp#27;[0;39m - Creating shared instance of singleton bean 'simpleAsyncTaskExecutorBuilder'
18:27:20.972 &amp#27;[39mDEBUG&amp#27;[0;39m [&amp#27;[34mmain&amp#27;[0;39m] &amp#27;[36m[o.s.b.f.s.DefaultListableBeanFactory]&amp#27;[0;39m - Creating shared instance of singleton bean 'org.springframework.boot.autoconfigure.task.TaskExecutorConfigurations$AsyncConfigurerConfiguration'
18:27:20.980 &amp#27;[39mDEBUG&amp#27;[0;39m [&amp#27;[34mmain&amp#27;[0;39m] &amp#27;[36m[o.s.b.f.s.DefaultListableBeanFactory]&amp#27;[0;39m - Creating shared instance of singleton bean 'applicationTaskExecutorAsyncConfigurer'
18:27:20.983 &amp#27;[39mDEBUG&amp#27;[0;39m [&amp#27;[34mmain&amp#27;[0;39m] &amp#27;[36m[o.s.b.f.s.DefaultListableBeanFactory]&amp#27;[0;39m - Autowiring by type from bean name 'applicationTaskExecutorAsyncConfigurer' via factory method to bean named 'org.springframework.beans.factory.support.DefaultListableBeanFactory@446e7065'
18:27:20.997 &amp#27;[39mDEBUG&amp#27;[0;39m [&amp#27;[34mmain&amp#27;[0;39m] &amp#27;[36m[o.s.b.f.s.DefaultListableBeanFactory]&amp#27;[0;39m - Creating shared instance of singleton bean 'org.springframework.boot.autoconfigure.task.TaskExecutorConfigurations$BootstrapExecutorConfiguration'
18:27:21.005 &amp#27;[39mDEBUG&amp#27;[0;39m [&amp#27;[34mmain&amp#27;[0;39m] &amp#27;[36m[o.s.b.f.s.DefaultListableBeanFactory]&amp#27;[0;39m - Creating shared instance of singleton bean 'org.springframework.boot.autoconfigure.task.TaskExecutionAutoConfiguration'
18:27:21.013 &amp#27;[39mDEBUG&amp#27;[0;39m [&amp#27;[34mmain&amp#27;[0;39m] &amp#27;[36m[o.s.b.f.s.DefaultListableBeanFactory]&amp#27;[0;39m - Creating shared instance of singleton bean 'org.springframework.boot.autoconfigure.web.servlet.error.ErrorMvcAutoConfiguration$WhitelabelErrorViewConfiguration'
18:27:21.025 &amp#27;[39mDEBUG&amp#27;[0;39m [&amp#27;[34mmain&amp#27;[0;39m] &amp#27;[36m[o.s.b.f.s.DefaultListableBeanFactory]&amp#27;[0;39m - Creating shared instance of singleton bean 'error'
18:27:21.039 &amp#27;[39mDEBUG&amp#27;[0;39m [&amp#27;[34mmain&amp#27;[0;39m] &amp#27;[36m[o.s.b.f.s.DefaultListableBeanFactory]&amp#27;[0;39m - Creating shared instance of singleton bean 'beanNameViewResolver'
18:27:21.075 &amp#27;[39mDEBUG&amp#27;[0;39m [&amp#27;[34mmain&amp#27;[0;39m] &amp#27;[36m[o.s.b.f.s.DefaultListableBeanFactory]&amp#27;[0;39m - Creating shared instance of singleton bean 'org.springframework.boot.autoconfigure.web.servlet.error.ErrorMvcAutoConfiguration$DefaultErrorViewResolverConfiguration'
18:27:21.081 &amp#27;[39mDEBUG&amp#27;[0;39m [&amp#27;[34mmain&amp#27;[0;39m] &amp#27;[36m[o.s.b.f.s.DefaultListableBeanFactory]&amp#27;[0;39m - Creating shared instance of singleton bean 'spring.web-org.springframework.boot.autoconfigure.web.WebProperties'
18:27:21.110 &amp#27;[39mDEBUG&amp#27;[0;39m [&amp#27;[34mmain&amp#27;[0;39m] &amp#27;[36m[o.s.b.f.s.DefaultListableBeanFactory]&amp#27;[0;39m - Autowiring by type from bean name 'org.springframework.boot.autoconfigure.web.servlet.error.ErrorMvcAutoConfiguration$DefaultErrorViewResolverConfiguration' via constructor to bean named 'org.springframework.boot.web.servlet.context.AnnotationConfigServletWebServerApplicationContext@66e21568'
18:27:21.111 &amp#27;[39mDEBUG&amp#27;[0;39m [&amp#27;[34mmain&amp#27;[0;39m] &amp#27;[36m[o.s.b.f.s.DefaultListableBeanFactory]&amp#27;[0;39m - Autowiring by type from bean name 'org.springframework.boot.autoconfigure.web.servlet.error.ErrorMvcAutoConfiguration$DefaultErrorViewResolverConfiguration' via constructor to bean named 'spring.web-org.springframework.boot.autoconfigure.web.WebProperties'
18:27:21.119 &amp#27;[39mDEBUG&amp#27;[0;39m [&amp#27;[34mmain&amp#27;[0;39m] &amp#27;[36m[o.s.b.f.s.DefaultListableBeanFactory]&amp#27;[0;39m - Creating shared instance of singleton bean 'conventionErrorViewResolver'
18:27:21.134 &amp#27;[39mDEBUG&amp#27;[0;39m [&amp#27;[34mmain&amp#27;[0;39m] &amp#27;[36m[o.s.b.f.s.DefaultListableBeanFactory]&amp#27;[0;39m - Creating shared instance of singleton bean 'errorAttributes'
18:27:21.158 &amp#27;[39mDEBUG&amp#27;[0;39m [&amp#27;[34mmain&amp#27;[0;39m] &amp#27;[36m[o.s.b.f.s.DefaultListableBeanFactory]&amp#27;[0;39m - Creating shared instance of singleton bean 'basicErrorController'
18:27:21.159 &amp#27;[39mDEBUG&amp#27;[0;39m [&amp#27;[34mmain&amp#27;[0;39m] &amp#27;[36m[o.s.b.f.s.DefaultListableBeanFactory]&amp#27;[0;39m - Autowiring by type from bean name 'basicErrorController' via factory method to bean named 'errorAttributes'
18:27:21.191 &amp#27;[39mDEBUG&amp#27;[0;39m [&amp#27;[34mmain&amp#27;[0;39m] &amp#27;[36m[o.s.b.f.s.DefaultListableBeanFactory]&amp#27;[0;39m - Creating shared instance of singleton bean 'org.springframework.boot.autoconfigure.web.servlet.WebMvcAutoConfiguration$EnableWebMvcConfiguration'
18:27:21.194 &amp#27;[39mDEBUG&amp#27;[0;39m [&amp#27;[34mmain&amp#27;[0;39m] &amp#27;[36m[o.s.b.f.s.DefaultListableBeanFactory]&amp#27;[0;39m - Autowiring by type from bean name 'org.springframework.boot.autoconfigure.web.servlet.WebMvcAutoConfiguration$EnableWebMvcConfiguration' via constructor to bean named 'spring.mvc-org.springframework.boot.autoconfigure.web.servlet.WebMvcProperties'
18:27:21.195 &amp#27;[39mDEBUG&amp#27;[0;39m [&amp#27;[34mmain&amp#27;[0;39m] &amp#27;[36m[o.s.b.f.s.DefaultListableBeanFactory]&amp#27;[0;39m - Autowiring by type from bean name 'org.springframework.boot.autoconfigure.web.servlet.WebMvcAutoConfiguration$EnableWebMvcConfiguration' via constructor to bean named 'spring.web-org.springframework.boot.autoconfigure.web.WebProperties'
18:27:21.196 &amp#27;[39mDEBUG&amp#27;[0;39m [&amp#27;[34mmain&amp#27;[0;39m] &amp#27;[36m[o.s.b.f.s.DefaultListableBeanFactory]&amp#27;[0;39m - Autowiring by type from bean name 'org.springframework.boot.autoconfigure.web.servlet.WebMvcAutoConfiguration$EnableWebMvcConfiguration' via constructor to bean named 'org.springframework.beans.factory.support.DefaultListableBeanFactory@446e7065'
18:27:21.214 &amp#27;[39mDEBUG&amp#27;[0;39m [&amp#27;[34mmain&amp#27;[0;39m] &amp#27;[36m[o.s.b.f.s.DefaultListableBeanFactory]&amp#27;[0;39m - Creating shared instance of singleton bean 'org.springframework.boot.autoconfigure.web.servlet.WebMvcAutoConfiguration$WebMvcAutoConfigurationAdapter'
18:27:21.219 &amp#27;[39mDEBUG&amp#27;[0;39m [&amp#27;[34mmain&amp#27;[0;39m] &amp#27;[36m[o.s.b.f.s.DefaultListableBeanFactory]&amp#27;[0;39m - Autowiring by type from bean name 'org.springframework.boot.autoconfigure.web.servlet.WebMvcAutoConfiguration$WebMvcAutoConfigurationAdapter' via constructor to bean named 'spring.web-org.springframework.boot.autoconfigure.web.WebProperties'
18:27:21.220 &amp#27;[39mDEBUG&amp#27;[0;39m [&amp#27;[34mmain&amp#27;[0;39m] &amp#27;[36m[o.s.b.f.s.DefaultListableBeanFactory]&amp#27;[0;39m - Autowiring by type from bean name 'org.springframework.boot.autoconfigure.web.servlet.WebMvcAutoConfiguration$WebMvcAutoConfigurationAdapter' via constructor to bean named 'spring.mvc-org.springframework.boot.autoconfigure.web.servlet.WebMvcProperties'
18:27:21.221 &amp#27;[39mDEBUG&amp#27;[0;39m [&amp#27;[34mmain&amp#27;[0;39m] &amp#27;[36m[o.s.b.f.s.DefaultListableBeanFactory]&amp#27;[0;39m - Autowiring by type from bean name 'org.springframework.boot.autoconfigure.web.servlet.WebMvcAutoConfiguration$WebMvcAutoConfigurationAdapter' via constructor to bean named 'org.springframework.beans.factory.support.DefaultListableBeanFactory@446e7065'
18:27:21.258 &amp#27;[39mDEBUG&amp#27;[0;39m [&amp#27;[34mmain&amp#27;[0;39m] &amp#27;[36m[o.s.b.f.s.DefaultListableBeanFactory]&amp#27;[0;39m - Creating shared instance of singleton bean 'endpointObjectMapperWebMvcConfigurer'
18:27:21.260 &amp#27;[39mDEBUG&amp#27;[0;39m [&amp#27;[34mmain&amp#27;[0;39m] &amp#27;[36m[o.s.b.f.s.DefaultListableBeanFactory]&amp#27;[0;39m - Creating shared instance of singleton bean 'endpointObjectMapper'
18:27:21.261 &amp#27;[39mDEBUG&amp#27;[0;39m [&amp#27;[34mmain&amp#27;[0;39m] &amp#27;[36m[o.s.b.f.s.DefaultListableBeanFactory]&amp#27;[0;39m - Creating shared instance of singleton bean 'org.springframework.boot.actuate.autoconfigure.endpoint.jackson.JacksonEndpointAutoConfiguration'
18:27:21.287 &amp#27;[39mDEBUG&amp#27;[0;39m [&amp#27;[34mmain&amp#27;[0;39m] &amp#27;[36m[o.s.b.f.s.DefaultListableBeanFactory]&amp#27;[0;39m - Autowiring by type from bean name 'endpointObjectMapperWebMvcConfigurer' via factory method to bean named 'endpointObjectMapper'
18:27:21.399 &amp#27;[39mDEBUG&amp#27;[0;39m [&amp#27;[34mmain&amp#27;[0;39m] &amp#27;[36m[o.s.b.f.s.DefaultListableBeanFactory]&amp#27;[0;39m - Creating shared instance of singleton bean 'welcomePageHandlerMapping'
18:27:21.401 &amp#27;[39mDEBUG&amp#27;[0;39m [&amp#27;[34mmain&amp#27;[0;39m] &amp#27;[36m[o.s.b.f.s.DefaultListableBeanFactory]&amp#27;[0;39m - Creating shared instance of singleton bean 'mvcConversionService'
18:27:21.476 &amp#27;[39mDEBUG&amp#27;[0;39m [&amp#27;[34mmain&amp#27;[0;39m] &amp#27;[36m[o.s.b.f.s.DefaultListableBeanFactory]&amp#27;[0;39m - Creating shared instance of singleton bean 'mvcResourceUrlProvider'
18:27:21.497 &amp#27;[39mDEBUG&amp#27;[0;39m [&amp#27;[34mmain&amp#27;[0;39m] &amp#27;[36m[o.s.b.f.s.DefaultListableBeanFactory]&amp#27;[0;39m - Autowiring by type from bean name 'welcomePageHandlerMapping' via factory method to bean named 'org.springframework.boot.web.servlet.context.AnnotationConfigServletWebServerApplicationContext@66e21568'
18:27:21.498 &amp#27;[39mDEBUG&amp#27;[0;39m [&amp#27;[34mmain&amp#27;[0;39m] &amp#27;[36m[o.s.b.f.s.DefaultListableBeanFactory]&amp#27;[0;39m - Autowiring by type from bean name 'welcomePageHandlerMapping' via factory method to bean named 'mvcConversionService'
18:27:21.498 &amp#27;[39mDEBUG&amp#27;[0;39m [&amp#27;[34mmain&amp#27;[0;39m] &amp#27;[36m[o.s.b.f.s.DefaultListableBeanFactory]&amp#27;[0;39m - Autowiring by type from bean name 'welcomePageHandlerMapping' via factory method to bean named 'mvcResourceUrlProvider'
18:27:21.644 &amp#27;[39mDEBUG&amp#27;[0;39m [&amp#27;[34mmain&amp#27;[0;39m] &amp#27;[36m[o.s.b.f.s.DefaultListableBeanFactory]&amp#27;[0;39m - Creating shared instance of singleton bean 'welcomePageNotAcceptableHandlerMapping'
18:27:21.646 &amp#27;[39mDEBUG&amp#27;[0;39m [&amp#27;[34mmain&amp#27;[0;39m] &amp#27;[36m[o.s.b.f.s.DefaultListableBeanFactory]&amp#27;[0;39m - Autowiring by type from bean name 'welcomePageNotAcceptableHandlerMapping' via factory method to bean named 'org.springframework.boot.web.servlet.context.AnnotationConfigServletWebServerApplicationContext@66e21568'
18:27:21.647 &amp#27;[39mDEBUG&amp#27;[0;39m [&amp#27;[34mmain&amp#27;[0;39m] &amp#27;[36m[o.s.b.f.s.DefaultListableBeanFactory]&amp#27;[0;39m - Autowiring by type from bean name 'welcomePageNotAcceptableHandlerMapping' via factory method to bean named 'mvcConversionService'
18:27:21.648 &amp#27;[39mDEBUG&amp#27;[0;39m [&amp#27;[34mmain&amp#27;[0;39m] &amp#27;[36m[o.s.b.f.s.DefaultListableBeanFactory]&amp#27;[0;39m - Autowiring by type from bean name 'welcomePageNotAcceptableHandlerMapping' via factory method to bean named 'mvcResourceUrlProvider'
18:27:21.674 &amp#27;[39mDEBUG&amp#27;[0;39m [&amp#27;[34mmain&amp#27;[0;39m] &amp#27;[36m[o.s.b.f.s.DefaultListableBeanFactory]&amp#27;[0;39m - Creating shared instance of singleton bean 'localeResolver'
18:27:21.696 &amp#27;[39mDEBUG&amp#27;[0;39m [&amp#27;[34mmain&amp#27;[0;39m] &amp#27;[36m[o.s.b.f.s.DefaultListableBeanFactory]&amp#27;[0;39m - Creating shared instance of singleton bean 'themeResolver'
18:27:21.728 &amp#27;[39mDEBUG&amp#27;[0;39m [&amp#27;[34mmain&amp#27;[0;39m] &amp#27;[36m[o.s.b.f.s.DefaultListableBeanFactory]&amp#27;[0;39m - Creating shared instance of singleton bean 'flashMapManager'
18:27:21.779 &amp#27;[39mDEBUG&amp#27;[0;39m [&amp#27;[34mmain&amp#27;[0;39m] &amp#27;[36m[o.s.b.f.s.DefaultListableBeanFactory]&amp#27;[0;39m - Creating shared instance of singleton bean 'viewNameTranslator'
18:27:21.793 &amp#27;[39mDEBUG&amp#27;[0;39m [&amp#27;[34mmain&amp#27;[0;39m] &amp#27;[36m[o.s.b.f.s.DefaultListableBeanFactory]&amp#27;[0;39m - Creating shared instance of singleton bean 'mvcValidator'
18:27:21.808 &amp#27;[39mDEBUG&amp#27;[0;39m [&amp#27;[34mmain&amp#27;[0;39m] &amp#27;[36m[o.s.b.f.s.DefaultListableBeanFactory]&amp#27;[0;39m - Creating shared instance of singleton bean 'mvcContentNegotiationManager'
18:27:21.830 &amp#27;[39mDEBUG&amp#27;[0;39m [&amp#27;[34mmain&amp#27;[0;39m] &amp#27;[36m[o.s.b.f.s.DefaultListableBeanFactory]&amp#27;[0;39m - Creating shared instance of singleton bean 'requestMappingHandlerMapping'
18:27:21.837 &amp#27;[39mDEBUG&amp#27;[0;39m [&amp#27;[34mmain&amp#27;[0;39m] &amp#27;[36m[o.s.b.f.s.DefaultListableBeanFactory]&amp#27;[0;39m - Autowiring by type from bean name 'requestMappingHandlerMapping' via factory method to bean named 'mvcContentNegotiationManager'
18:27:21.838 &amp#27;[39mDEBUG&amp#27;[0;39m [&amp#27;[34mmain&amp#27;[0;39m] &amp#27;[36m[o.s.b.f.s.DefaultListableBeanFactory]&amp#27;[0;39m - Autowiring by type from bean name 'requestMappingHandlerMapping' via factory method to bean named 'mvcConversionService'
18:27:21.839 &amp#27;[39mDEBUG&amp#27;[0;39m [&amp#27;[34mmain&amp#27;[0;39m] &amp#27;[36m[o.s.b.f.s.DefaultListableBeanFactory]&amp#27;[0;39m - Autowiring by type from bean name 'requestMappingHandlerMapping' via factory method to bean named 'mvcResourceUrlProvider'
18:27:21.963 &amp#27;[39mDEBUG&amp#27;[0;39m [&amp#27;[34mmain&amp#27;[0;39m] &amp#27;[36m[_.s.w.s.H.Mappings]&amp#27;[0;39m - 
	c.l.r.c.ApiController:
	{GET [/api/data/{id}]}: getData(String)
	{GET [/api/status]}: getStatus()
	{GET [/api/hello]}: hello()
	{POST [/api/submit]}: submitData(Map)
	{GET [/api/limited]}: limitedEndpoint()
	{GET [/api/bulk-test]}: bulkTest()
18:27:21.992 &amp#27;[39mDEBUG&amp#27;[0;39m [&amp#27;[34mmain&amp#27;[0;39m] &amp#27;[36m[_.s.w.s.H.Mappings]&amp#27;[0;39m - 
	o.s.b.a.w.s.e.BasicErrorController:
	{ [/error]}: error(HttpServletRequest)
	{ [/error], produces [text/html]}: errorHtml(HttpServletRequest,HttpServletResponse)
18:27:22.012 &amp#27;[39mDEBUG&amp#27;[0;39m [&amp#27;[34mmain&amp#27;[0;39m] &amp#27;[36m[o.s.w.s.m.m.a.RequestMappingHandlerMapping]&amp#27;[0;39m - 8 mappings in 'requestMappingHandlerMapping'
18:27:22.097 &amp#27;[39mDEBUG&amp#27;[0;39m [&amp#27;[34mmain&amp#27;[0;39m] &amp#27;[36m[o.s.b.f.s.DefaultListableBeanFactory]&amp#27;[0;39m - Creating shared instance of singleton bean 'mvcPatternParser'
18:27:22.107 &amp#27;[39mDEBUG&amp#27;[0;39m [&amp#27;[34mmain&amp#27;[0;39m] &amp#27;[36m[o.s.b.f.s.DefaultListableBeanFactory]&amp#27;[0;39m - Creating shared instance of singleton bean 'mvcUrlPathHelper'
18:27:22.127 &amp#27;[39mDEBUG&amp#27;[0;39m [&amp#27;[34mmain&amp#27;[0;39m] &amp#27;[36m[o.s.b.f.s.DefaultListableBeanFactory]&amp#27;[0;39m - Creating shared instance of singleton bean 'mvcPathMatcher'
18:27:22.149 &amp#27;[39mDEBUG&amp#27;[0;39m [&amp#27;[34mmain&amp#27;[0;39m] &amp#27;[36m[o.s.b.f.s.DefaultListableBeanFactory]&amp#27;[0;39m - Creating shared instance of singleton bean 'viewControllerHandlerMapping'
18:27:22.154 &amp#27;[39mDEBUG&amp#27;[0;39m [&amp#27;[34mmain&amp#27;[0;39m] &amp#27;[36m[o.s.b.f.s.DefaultListableBeanFactory]&amp#27;[0;39m - Autowiring by type from bean name 'viewControllerHandlerMapping' via factory method to bean named 'mvcConversionService'
18:27:22.155 &amp#27;[39mDEBUG&amp#27;[0;39m [&amp#27;[34mmain&amp#27;[0;39m] &amp#27;[36m[o.s.b.f.s.DefaultListableBeanFactory]&amp#27;[0;39m - Autowiring by type from bean name 'viewControllerHandlerMapping' via factory method to bean named 'mvcResourceUrlProvider'
18:27:22.164 &amp#27;[39mDEBUG&amp#27;[0;39m [&amp#27;[34mmain&amp#27;[0;39m] &amp#27;[36m[o.s.b.f.s.DefaultListableBeanFactory]&amp#27;[0;39m - Creating shared instance of singleton bean 'beanNameHandlerMapping'
18:27:22.168 &amp#27;[39mDEBUG&amp#27;[0;39m [&amp#27;[34mmain&amp#27;[0;39m] &amp#27;[36m[o.s.b.f.s.DefaultListableBeanFactory]&amp#27;[0;39m - Autowiring by type from bean name 'beanNameHandlerMapping' via factory method to bean named 'mvcConversionService'
18:27:22.168 &amp#27;[39mDEBUG&amp#27;[0;39m [&amp#27;[34mmain&amp#27;[0;39m] &amp#27;[36m[o.s.b.f.s.DefaultListableBeanFactory]&amp#27;[0;39m - Autowiring by type from bean name 'beanNameHandlerMapping' via factory method to bean named 'mvcResourceUrlProvider'
18:27:22.181 &amp#27;[39mDEBUG&amp#27;[0;39m [&amp#27;[34mmain&amp#27;[0;39m] &amp#27;[36m[_.s.w.s.H.Mappings]&amp#27;[0;39m - 'beanNameHandlerMapping' {}
18:27:22.198 &amp#27;[39mDEBUG&amp#27;[0;39m [&amp#27;[34mmain&amp#27;[0;39m] &amp#27;[36m[o.s.b.f.s.DefaultListableBeanFactory]&amp#27;[0;39m - Creating shared instance of singleton bean 'routerFunctionMapping'
18:27:22.201 &amp#27;[39mDEBUG&amp#27;[0;39m [&amp#27;[34mmain&amp#27;[0;39m] &amp#27;[36m[o.s.b.f.s.DefaultListableBeanFactory]&amp#27;[0;39m - Autowiring by type from bean name 'routerFunctionMapping' via factory method to bean named 'mvcConversionService'
18:27:22.202 &amp#27;[39mDEBUG&amp#27;[0;39m [&amp#27;[34mmain&amp#27;[0;39m] &amp#27;[36m[o.s.b.f.s.DefaultListableBeanFactory]&amp#27;[0;39m - Autowiring by type from bean name 'routerFunctionMapping' via factory method to bean named 'mvcResourceUrlProvider'
18:27:22.207 &amp#27;[39mDEBUG&amp#27;[0;39m [&amp#27;[34mmain&amp#27;[0;39m] &amp#27;[36m[o.s.b.f.s.DefaultListableBeanFactory]&amp#27;[0;39m - Creating shared instance of singleton bean 'messageConverters'
[...]

   WavefrontTracingAutoConfiguration:
      Did not match:
         - @ConditionalOnClass did not find required class 'com.wavefront.sdk.common.WavefrontSender' (OnClassCondition)

   WebClientAutoConfiguration:
      Did not match:
         - @ConditionalOnClass did not find required class 'org.springframework.web.reactive.function.client.WebClient' (OnClassCondition)

   WebClientObservationConfiguration:
      Did not match:
         - @ConditionalOnClass did not find required class 'org.springframework.web.reactive.function.client.WebClient' (OnClassCondition)

   WebFluxAutoConfiguration:
      Did not match:
         - @ConditionalOnClass did not find required class 'org.springframework.web.reactive.config.WebFluxConfigurer' (OnClassCondition)

   WebFluxEndpointManagementContextConfiguration:
      Did not match:
         - @ConditionalOnClass did not find required class 'org.springframework.web.reactive.DispatcherHandler' (OnClassCondition)

   WebFluxObservationAutoConfiguration:
      Did not match:
         - @ConditionalOnWebApplication did not find reactive web application classes (OnWebApplicationCondition)

   WebMvcAutoConfiguration#hiddenHttpMethodFilter:
      Did not match:
         - @ConditionalOnBooleanProperty (spring.mvc.hiddenmethod.filter.enabled=true) did not find property 'spring.mvc.hiddenmethod.filter.enabled' (OnPropertyCondition)

   WebMvcAutoConfiguration.ProblemDetailsErrorHandlingConfiguration:
      Did not match:
         - @ConditionalOnBooleanProperty (spring.mvc.problemdetails.enabled=true) did not find property 'spring.mvc.problemdetails.enabled' (OnPropertyCondition)

   WebMvcAutoConfiguration.ResourceChainCustomizerConfiguration:
      Did not match:
         - @ConditionalOnEnabledResourceChain did not find class org.webjars.WebJarVersionLocator (OnEnabledResourceChainCondition)

   WebMvcAutoConfiguration.WebMvcAutoConfigurationAdapter#beanNameViewResolver:
      Did not match:
         - @ConditionalOnMissingBean (types: org.springframework.web.servlet.view.BeanNameViewResolver; SearchStrategy: all) found beans of type 'org.springframework.web.servlet.view.BeanNameViewResolver' beanNameViewResolver (OnBeanCondition)

   WebMvcEndpointManagementContextConfiguration#managementHealthEndpointWebMvcHandlerMapping:
      Did not match:
         - Management Port actual port type (SAME) did not match required type (DIFFERENT) (OnManagementPortCondition)

   WebServiceTemplateAutoConfiguration:
      Did not match:
         - @ConditionalOnClass did not find required class 'org.springframework.oxm.Marshaller' (OnClassCondition)

   WebServicesAutoConfiguration:
      Did not match:
         - @ConditionalOnClass did not find required class 'org.springframework.ws.transport.http.MessageDispatcherServlet' (OnClassCondition)

   WebSessionIdResolverAutoConfiguration:
      Did not match:
         - @ConditionalOnClass did not find required class 'reactor.core.publisher.Mono' (OnClassCondition)

   WebSocketMessagingAutoConfiguration:
      Did not match:
         - @ConditionalOnClass did not find required class 'org.springframework.web.socket.config.annotation.WebSocketMessageBrokerConfigurer' (OnClassCondition)

   WebSocketReactiveAutoConfiguration:
      Did not match:
         - @ConditionalOnWebApplication did not find reactive web application classes (OnWebApplicationCondition)

   WebSocketServletAutoConfiguration.JettyWebSocketConfiguration:
      Did not match:
         - @ConditionalOnClass did not find required class 'org.eclipse.jetty.ee10.websocket.jakarta.server.config.JakartaWebSocketServletContainerInitializer' (OnClassCondition)

   WebSocketServletAutoConfiguration.UndertowWebSocketConfiguration:
      Did not match:
         - @ConditionalOnClass did not find required class 'io.undertow.websockets.jsr.Bootstrap' (OnClassCondition)

   XADataSourceAutoConfiguration:
      Did not match:
         - @ConditionalOnClass did not find required class 'jakarta.transaction.TransactionManager' (OnClassCondition)

   ZipkinAutoConfiguration:
      Did not match:
         - @ConditionalOnClass did not find required class 'zipkin2.reporter.Encoding' (OnClassCondition)


Exclusions:
-----------

    None


Unconditional classes:
----------------------

    org.springframework.boot.autoconfigure.context.ConfigurationPropertiesAutoConfiguration

    org.springframework.boot.actuate.autoconfigure.availability.AvailabilityHealthContributorAutoConfiguration

    org.springframework.boot.autoconfigure.ssl.SslAutoConfiguration

    org.springframework.boot.actuate.autoconfigure.info.InfoContributorAutoConfiguration

    org.springframework.boot.autoconfigure.context.PropertyPlaceholderAutoConfiguration

    org.springframework.boot.autoconfigure.context.LifecycleAutoConfiguration

    org.springframework.boot.actuate.autoconfigure.metrics.integration.IntegrationMetricsAutoConfiguration

    org.springframework.boot.actuate.autoconfigure.endpoint.EndpointAutoConfiguration

    org.springframework.boot.actuate.autoconfigure.web.server.ManagementContextAutoConfiguration

    org.springframework.boot.actuate.autoconfigure.health.HealthContributorAutoConfiguration

    org.springframework.boot.actuate.autoconfigure.endpoint.jackson.JacksonEndpointAutoConfiguration

    org.springframework.boot.autoconfigure.availability.ApplicationAvailabilityAutoConfiguration

    org.springframework.boot.autoconfigure.info.ProjectInfoAutoConfiguration



18:27:28.261 &amp#27;[34mINFO &amp#27;[0;39m [&amp#27;[34mmain&amp#27;[0;39m] &amp#27;[36m[c.l.r.r.CircuitBreakerTest]&amp#27;[0;39m - Started CircuitBreakerTest in 20.451 seconds (process running for 26.051)
18:27:28.614 &amp#27;[39mDEBUG&amp#27;[0;39m [&amp#27;[34mmain&amp#27;[0;39m] &amp#27;[36m[o.s.b.a.ApplicationAvailabilityBean]&amp#27;[0;39m - Application availability state LivenessState changed to CORRECT
18:27:28.621 &amp#27;[39mDEBUG&amp#27;[0;39m [&amp#27;[34mmain&amp#27;[0;39m] &amp#27;[36m[o.s.b.d.r.Restarter]&amp#27;[0;39m - Creating new Restarter for thread Thread[main,5,main]
18:27:28.623 &amp#27;[39mDEBUG&amp#27;[0;39m [&amp#27;[34mmain&amp#27;[0;39m] &amp#27;[36m[o.s.b.a.ApplicationAvailabilityBean]&amp#27;[0;39m - Application availability state ReadinessState changed to ACCEPTING_TRAFFIC
18:27:28.634 &amp#27;[39mDEBUG&amp#27;[0;39m [&amp#27;[34mmain&amp#27;[0;39m] &amp#27;[36m[o.s.t.c.cache]&amp#27;[0;39m - Spring test ApplicationContext cache statistics: [DefaultContextCache@408708a1 size = 1, maxSize = 32, parentContextCount = 0, hitCount = 0, missCount = 1, failureCount = 0]
18:27:28.656 &amp#27;[39mDEBUG&amp#27;[0;39m [&amp#27;[34mmain&amp#27;[0;39m] &amp#27;[36m[o.s.t.c.cache]&amp#27;[0;39m - Spring test ApplicationContext cache statistics: [DefaultContextCache@408708a1 size = 1, maxSize = 32, parentContextCount = 0, hitCount = 1, missCount = 1, failureCount = 0]
18:27:28.688 &amp#27;[39mDEBUG&amp#27;[0;39m [&amp#27;[34mmain&amp#27;[0;39m] &amp#27;[36m[o.s.t.c.s.DirtiesContextBeforeModesTestExecutionListener]&amp#27;[0;39m - Before test method: class [CircuitBreakerTest], method [shouldOpenCircuitAfterFailures], class annotated with @DirtiesContext [false] with mode [null], method annotated with @DirtiesContext [false] with mode [null]
18:27:28.693 &amp#27;[39mDEBUG&amp#27;[0;39m [&amp#27;[34mmain&amp#27;[0;39m] &amp#27;[36m[o.s.t.c.cache]&amp#27;[0;39m - Spring test ApplicationContext cache statistics: [DefaultContextCache@408708a1 size = 1, maxSize = 32, parentContextCount = 0, hitCount = 2, missCount = 1, failureCount = 0]
18:27:28.696 &amp#27;[39mDEBUG&amp#27;[0;39m [&amp#27;[34mmain&amp#27;[0;39m] &amp#27;[36m[o.s.t.c.cache]&amp#27;[0;39m - Spring test ApplicationContext cache statistics: [DefaultContextCache@408708a1 size = 1, maxSize = 32, parentContextCount = 0, hitCount = 3, missCount = 1, failureCount = 0]
18:27:28.753 &amp#27;[39mDEBUG&amp#27;[0;39m [&amp#27;[34mmain&amp#27;[0;39m] &amp#27;[36m[o.s.t.c.cache]&amp#27;[0;39m - Spring test ApplicationContext cache statistics: [DefaultContextCache@408708a1 size = 1, maxSize = 32, parentContextCount = 0, hitCount = 4, missCount = 1, failureCount = 0]
18:27:28.770 &amp#27;[39mDEBUG&amp#27;[0;39m [&amp#27;[34mmain&amp#27;[0;39m] &amp#27;[36m[o.s.t.c.cache]&amp#27;[0;39m - Spring test ApplicationContext cache statistics: [DefaultContextCache@408708a1 size = 1, maxSize = 32, parentContextCount = 0, hitCount = 5, missCount = 1, failureCount = 0]

=== Testing Circuit Breaker ===
Phase 1: Triggering failures...
18:27:28.885 &amp#27;[31mWARN &amp#27;[0;39m [&amp#27;[34mmain&amp#27;[0;39m] &amp#27;[36m[c.l.r.s.RateLimitService]&amp#27;[0;39m - No API key found in header 'X-API-Key', falling back to IP address
18:27:28.887 &amp#27;[34mINFO &amp#27;[0;39m [&amp#27;[34mmain&amp#27;[0;39m] &amp#27;[36m[c.l.r.s.RateLimitService]&amp#27;[0;39m - Available keys: [apihello, apilimited]
18:27:28.888 &amp#27;[34mINFO &amp#27;[0;39m [&amp#27;[34mmain&amp#27;[0;39m] &amp#27;[36m[c.l.r.s.RateLimitService]&amp#27;[0;39m - Looking up endpoint: /api/hello
18:27:28.889 &amp#27;[34mINFO &amp#27;[0;39m [&amp#27;[34mmain&amp#27;[0;39m] &amp#27;[36m[c.l.r.s.RateLimitService]&amp#27;[0;39m - Matched Config: com.learning.ratelimiter.config.RateLimiterProperties$EndpointConfig@d99df7a
18:27:28.890 &amp#27;[34mINFO &amp#27;[0;39m [&amp#27;[34mmain&amp#27;[0;39m] &amp#27;[36m[c.l.r.s.RateLimitService]&amp#27;[0;39m - Creating rate limiter for endpoint '/api/hello' with custom config: 10req/60000ms using FIXED_WINDOW
✅ ALLOWED: IP_127.0.0.1 - Current data: ClientData{count=1, windowStart=1754657848893}
18:27:28.903 &amp#27;[34mINFO &amp#27;[0;39m [&amp#27;[34mmain&amp#27;[0;39m] &amp#27;[36m[c.l.r.s.RateLimitService]&amp#27;[0;39m - normalize apihello
18:27:28.907 &amp#27;[34mINFO &amp#27;[0;39m [&amp#27;[34mmain&amp#27;[0;39m] &amp#27;[36m[c.l.r.s.RateLimitService]&amp#27;[0;39m - ✅ ALLOWED: IP_127.0.0.1 - Remaining: 9/10 using FIXED_WINDOW
18:27:28.908 &amp#27;[39mDEBUG&amp#27;[0;39m [&amp#27;[34mmain&amp#27;[0;39m] &amp#27;[36m[i.g.r.c.i.CircuitBreakerStateMachine]&amp#27;[0;39m - CircuitBreaker 'rateLimiterCircuitBreaker' succeeded:
Request 1: ALLOWED (Emergency fallback)
18:27:28.915 &amp#27;[31mWARN &amp#27;[0;39m [&amp#27;[34mmain&amp#27;[0;39m] &amp#27;[36m[c.l.r.s.RateLimitService]&amp#27;[0;39m - No API key found in header 'X-API-Key', falling back to IP address
✅ ALLOWED: IP_127.0.0.1 - Current data: ClientData{count=2, windowStart=1754657848893}
18:27:28.916 &amp#27;[34mINFO &amp#27;[0;39m [&amp#27;[34mmain&amp#27;[0;39m] &amp#27;[36m[c.l.r.s.RateLimitService]&amp#27;[0;39m - normalize apihello
18:27:28.925 &amp#27;[31mWARN &amp#27;[0;39m [&amp#27;[34mmain&amp#27;[0;39m] &amp#27;[36m[i.m.c.i.MeterRegistry]&amp#27;[0;39m - This Gauge has been already registered (MeterId{name='rate_limiter_active_clients', tags=[tag(endpoint=/api/hello)]}), the registration will be ignored. Note that subsequent logs will be logged at debug level.
18:27:28.926 &amp#27;[34mINFO &amp#27;[0;39m [&amp#27;[34mmain&amp#27;[0;39m] &amp#27;[36m[c.l.r.s.RateLimitService]&amp#27;[0;39m - ✅ ALLOWED: IP_127.0.0.1 - Remaining: 8/10 using FIXED_WINDOW
Request 2: ALLOWED (Emergency fallback)
18:27:28.927 &amp#27;[39mDEBUG&amp#27;[0;39m [&amp#27;[34mmain&amp#27;[0;39m] &amp#27;[36m[i.g.r.c.i.CircuitBreakerStateMachine]&amp#27;[0;39m - CircuitBreaker 'rateLimiterCircuitBreaker' succeeded:
18:27:28.929 &amp#27;[31mWARN &amp#27;[0;39m [&amp#27;[34mmain&amp#27;[0;39m] &amp#27;[36m[c.l.r.s.RateLimitService]&amp#27;[0;39m - No API key found in header 'X-API-Key', falling back to IP address
✅ ALLOWED: IP_127.0.0.1 - Current data: ClientData{count=3, windowStart=1754657848893}
18:27:28.930 &amp#27;[34mINFO &amp#27;[0;39m [&amp#27;[34mmain&amp#27;[0;39m] &amp#27;[36m[c.l.r.s.RateLimitService]&amp#27;[0;39m - normalize apihello
18:27:28.932 &amp#27;[39mDEBUG&amp#27;[0;39m [&amp#27;[34mmain&amp#27;[0;39m] &amp#27;[36m[i.m.c.i.MeterRegistry]&amp#27;[0;39m - This Gauge has been already registered (MeterId{name='rate_limiter_active_clients', tags=[tag(endpoint=/api/hello)]}), the registration will be ignored.
18:27:28.935 &amp#27;[34mINFO &amp#27;[0;39m [&amp#27;[34mmain&amp#27;[0;39m] &amp#27;[36m[c.l.r.s.RateLimitService]&amp#27;[0;39m - ✅ ALLOWED: IP_127.0.0.1 - Remaining: 7/10 using FIXED_WINDOW
18:27:28.936 &amp#27;[39mDEBUG&amp#27;[0;39m [&amp#27;[34mmain&amp#27;[0;39m] &amp#27;[36m[i.g.r.c.i.CircuitBreakerStateMachine]&amp#27;[0;39m - CircuitBreaker 'rateLimiterCircuitBreaker' succeeded:
Request 3: ALLOWED (Emergency fallback)
18:27:28.937 &amp#27;[31mWARN &amp#27;[0;39m [&amp#27;[34mmain&amp#27;[0;39m] &amp#27;[36m[c.l.r.s.RateLimitService]&amp#27;[0;39m - No API key found in header 'X-API-Key', falling back to IP address
✅ ALLOWED: IP_127.0.0.1 - Current data: ClientData{count=4, windowStart=1754657848893}
18:27:28.938 &amp#27;[34mINFO &amp#27;[0;39m [&amp#27;[34mmain&amp#27;[0;39m] &amp#27;[36m[c.l.r.s.RateLimitService]&amp#27;[0;39m - normalize apihello
18:27:28.939 &amp#27;[39mDEBUG&amp#27;[0;39m [&amp#27;[34mmain&amp#27;[0;39m] &amp#27;[36m[i.m.c.i.MeterRegistry]&amp#27;[0;39m - This Gauge has been already registered (MeterId{name='rate_limiter_active_clients', tags=[tag(endpoint=/api/hello)]}), the registration will be ignored.
18:27:28.940 &amp#27;[34mINFO &amp#27;[0;39m [&amp#27;[34mmain&amp#27;[0;39m] &amp#27;[36m[c.l.r.s.RateLimitService]&amp#27;[0;39m - ✅ ALLOWED: IP_127.0.0.1 - Remaining: 6/10 using FIXED_WINDOW
18:27:28.941 &amp#27;[39mDEBUG&amp#27;[0;39m [&amp#27;[34mmain&amp#27;[0;39m] &amp#27;[36m[i.g.r.c.i.CircuitBreakerStateMachine]&amp#27;[0;39m - CircuitBreaker 'rateLimiterCircuitBreaker' succeeded:
Request 4: ALLOWED (Emergency fallback)
18:27:28.942 &amp#27;[31mWARN &amp#27;[0;39m [&amp#27;[34mmain&amp#27;[0;39m] &amp#27;[36m[c.l.r.s.RateLimitService]&amp#27;[0;39m - No API key found in header 'X-API-Key', falling back to IP address
✅ ALLOWED: IP_127.0.0.1 - Current data: ClientData{count=5, windowStart=1754657848893}
18:27:28.942 &amp#27;[34mINFO &amp#27;[0;39m [&amp#27;[34mmain&amp#27;[0;39m] &amp#27;[36m[c.l.r.s.RateLimitService]&amp#27;[0;39m - normalize apihello
18:27:28.943 &amp#27;[39mDEBUG&amp#27;[0;39m [&amp#27;[34mmain&amp#27;[0;39m] &amp#27;[36m[i.m.c.i.MeterRegistry]&amp#27;[0;39m - This Gauge has been already registered (MeterId{name='rate_limiter_active_clients', tags=[tag(endpoint=/api/hello)]}), the registration will be ignored.
Request 5: ALLOWED (Emergency fallback)
18:27:28.945 &amp#27;[34mINFO &amp#27;[0;39m [&amp#27;[34mmain&amp#27;[0;39m] &amp#27;[36m[c.l.r.s.RateLimitService]&amp#27;[0;39m - ✅ ALLOWED: IP_127.0.0.1 - Remaining: 5/10 using FIXED_WINDOW
18:27:28.945 &amp#27;[39mDEBUG&amp#27;[0;39m [&amp#27;[34mmain&amp#27;[0;39m] &amp#27;[36m[i.g.r.c.i.CircuitBreakerStateMachine]&amp#27;[0;39m - CircuitBreaker 'rateLimiterCircuitBreaker' succeeded:
18:27:28.946 &amp#27;[31mWARN &amp#27;[0;39m [&amp#27;[34mmain&amp#27;[0;39m] &amp#27;[36m[c.l.r.s.RateLimitService]&amp#27;[0;39m - No API key found in header 'X-API-Key', falling back to IP address
✅ ALLOWED: IP_127.0.0.1 - Current data: ClientData{count=6, windowStart=1754657848893}
18:27:28.947 &amp#27;[34mINFO &amp#27;[0;39m [&amp#27;[34mmain&amp#27;[0;39m] &amp#27;[36m[c.l.r.s.RateLimitService]&amp#27;[0;39m - normalize apihello
18:27:28.947 &amp#27;[39mDEBUG&amp#27;[0;39m [&amp#27;[34mmain&amp#27;[0;39m] &amp#27;[36m[i.m.c.i.MeterRegistry]&amp#27;[0;39m - This Gauge has been already registered (MeterId{name='rate_limiter_active_clients', tags=[tag(endpoint=/api/hello)]}), the registration will be ignored.
18:27:28.949 &amp#27;[34mINFO &amp#27;[0;39m [&amp#27;[34mmain&amp#27;[0;39m] &amp#27;[36m[c.l.r.s.RateLimitService]&amp#27;[0;39m - ✅ ALLOWED: IP_127.0.0.1 - Remaining: 4/10 using FIXED_WINDOW
18:27:28.950 &amp#27;[39mDEBUG&amp#27;[0;39m [&amp#27;[34mmain&amp#27;[0;39m] &amp#27;[36m[i.g.r.c.i.CircuitBreakerStateMachine]&amp#27;[0;39m - CircuitBreaker 'rateLimiterCircuitBreaker' succeeded:
Request 6: ALLOWED (Emergency fallback)
Circuit state after failures: CLOSED
Phase 2: Testing with open circuit...
18:27:28.951 &amp#27;[31mWARN &amp#27;[0;39m [&amp#27;[34mmain&amp#27;[0;39m] &amp#27;[36m[c.l.r.s.RateLimitService]&amp#27;[0;39m - No API key found in header 'X-API-Key', falling back to IP address
✅ ALLOWED: IP_127.0.0.1 - Current data: ClientData{count=7, windowStart=1754657848893}
18:27:28.951 &amp#27;[34mINFO &amp#27;[0;39m [&amp#27;[34mmain&amp#27;[0;39m] &amp#27;[36m[c.l.r.s.RateLimitService]&amp#27;[0;39m - normalize apihello
18:27:28.952 &amp#27;[39mDEBUG&amp#27;[0;39m [&amp#27;[34mmain&amp#27;[0;39m] &amp#27;[36m[i.m.c.i.MeterRegistry]&amp#27;[0;39m - This Gauge has been already registered (MeterId{name='rate_limiter_active_clients', tags=[tag(endpoint=/api/hello)]}), the registration will be ignored.
18:27:28.953 &amp#27;[34mINFO &amp#27;[0;39m [&amp#27;[34mmain&amp#27;[0;39m] &amp#27;[36m[c.l.r.s.RateLimitService]&amp#27;[0;39m - ✅ ALLOWED: IP_127.0.0.1 - Remaining: 3/10 using FIXED_WINDOW
18:27:28.954 &amp#27;[39mDEBUG&amp#27;[0;39m [&amp#27;[34mmain&amp#27;[0;39m] &amp#27;[36m[i.g.r.c.i.CircuitBreakerStateMachine]&amp#27;[0;39m - CircuitBreaker 'rateLimiterCircuitBreaker' succeeded:
Request with open circuit: ALLOWED using algorithm: FIXED_WINDOW
18:27:29.188 &amp#27;[39mDEBUG&amp#27;[0;39m [&amp#27;[34mmain&amp#27;[0;39m] &amp#27;[36m[o.s.t.c.cache]&amp#27;[0;39m - Spring test ApplicationContext cache statistics: [DefaultContextCache@408708a1 size = 1, maxSize = 32, parentContextCount = 0, hitCount = 6, missCount = 1, failureCount = 0]
18:27:29.192 &amp#27;[39mDEBUG&amp#27;[0;39m [&amp#27;[34mmain&amp#27;[0;39m] &amp#27;[36m[o.s.t.c.cache]&amp#27;[0;39m - Spring test ApplicationContext cache statistics: [DefaultContextCache@408708a1 size = 1, maxSize = 32, parentContextCount = 0, hitCount = 7, missCount = 1, failureCount = 0]
18:27:29.201 &amp#27;[39mDEBUG&amp#27;[0;39m [&amp#27;[34mmain&amp#27;[0;39m] &amp#27;[36m[o.s.t.c.cache]&amp#27;[0;39m - Spring test ApplicationContext cache statistics: [DefaultContextCache@408708a1 size = 1, maxSize = 32, parentContextCount = 0, hitCount = 8, missCount = 1, failureCount = 0]
18:27:29.208 &amp#27;[39mDEBUG&amp#27;[0;39m [&amp#27;[34mmain&amp#27;[0;39m] &amp#27;[36m[o.s.t.c.cache]&amp#27;[0;39m - Spring test ApplicationContext cache statistics: [DefaultContextCache@408708a1 size = 1, maxSize = 32, parentContextCount = 0, hitCount = 9, missCount = 1, failureCount = 0]
18:27:29.209 &amp#27;[39mDEBUG&amp#27;[0;39m [&amp#27;[34mmain&amp#27;[0;39m] &amp#27;[36m[o.s.t.c.cache]&amp#27;[0;39m - Spring test ApplicationContext cache statistics: [DefaultContextCache@408708a1 size = 1, maxSize = 32, parentContextCount = 0, hitCount = 10, missCount = 1, failureCount = 0]
18:27:29.214 &amp#27;[39mDEBUG&amp#27;[0;39m [&amp#27;[34mmain&amp#27;[0;39m] &amp#27;[36m[o.s.t.c.cache]&amp#27;[0;39m - Spring test ApplicationContext cache statistics: [DefaultContextCache@408708a1 size = 1, maxSize = 32, parentContextCount = 0, hitCount = 11, missCount = 1, failureCount = 0]
18:27:29.220 &amp#27;[39mDEBUG&amp#27;[0;39m [&amp#27;[34mmain&amp#27;[0;39m] &amp#27;[36m[o.s.t.c.cache]&amp#27;[0;39m - Spring test ApplicationContext cache statistics: [DefaultContextCache@408708a1 size = 1, maxSize = 32, parentContextCount = 0, hitCount = 12, missCount = 1, failureCount = 0]
18:27:29.221 &amp#27;[39mDEBUG&amp#27;[0;39m [&amp#27;[34mmain&amp#27;[0;39m] &amp#27;[36m[o.s.t.c.s.DirtiesContextTestExecutionListener]&amp#27;[0;39m - After test method: class [CircuitBreakerTest], method [shouldOpenCircuitAfterFailures], class annotated with @DirtiesContext [false] with mode [null], method annotated with @DirtiesContext [false] with mode [null]
]]></system-out>
    <system-err><![CDATA[18:27:09,573 |-WARN in ch.qos.logback.core.model.processor.AppenderModelHandler - Appender named [CONSOLE] not referenced. Skipping further processing.
]]></system-err>
  </testcase>
</testsuite>